2026-02-07 14:19:50.842: [INFO] VisibilityChanged: 0
2026-02-07 14:19:50.912: [INFO] RecordSyncInitDuration has_sync_been_enabled: 0 state: 0
2026-02-07 14:19:50.913: [INFO] RecordSyncInitDuration has_sync_been_enabled: 0 state: 0
2026-02-07 14:19:50.915: [INFO] RecordSyncInitDuration has_sync_been_enabled: 0 state: 0
2026-02-07 14:19:50.916: [INFO] RecordSyncInitDuration has_sync_been_enabled: 0 state: 0
2026-02-07 14:19:50.917: [INFO] RecordSyncInitDuration has_sync_been_enabled: 0 state: 0
2026-02-07 14:19:50.918: [INFO] RecordSyncInitDuration has_sync_been_enabled: 0 state: 0
2026-02-07 14:19:50.919: [INFO] RecordSyncInitDuration has_sync_been_enabled: 0 state: 0
2026-02-07 14:19:50.920: [INFO] RecordSyncInitDuration has_sync_been_enabled: 0 state: 0
2026-02-07 14:19:50.921: [INFO] RecordSyncInitDuration has_sync_been_enabled: 0 state: 0
2026-02-07 14:19:50.923: [INFO] RecordSyncInitDuration has_sync_been_enabled: 0 state: 0
2026-02-07 14:19:50.924: [INFO] RecordSyncInitDuration has_sync_been_enabled: 0 state: 0
2026-02-07 14:19:50.942: [INFO] BookmarkNodeAdded, ABU: 0
2026-02-07 14:19:50.942: [INFO] BookmarkNodeAdded, ABU: 0
2026-02-07 14:19:50.942: [INFO] BookmarkNodeAdded, ABU: 0
2026-02-07 14:19:50.942: [INFO] BookmarkModelLoaded, ids_reassigned: 0
2026-02-07 14:19:50.942: [INFO] OnDoneLoading sync enabled: 0
2026-02-07 14:19:50.945: [INFO] RecordSyncInitDuration has_sync_been_enabled: 0 state: 0
2026-02-07 14:19:54.565: [INFO] RecordSyncInitDuration has_sync_been_enabled: 0 state: 3
2026-02-07 14:19:54.588: [INFO] Primary account changed.
2026-02-07 14:19:54.588: [INFO] OnPrimaryAccountChanged PrimaryAccountChangeEvent::Type::kSet
2026-02-07 14:19:54.598: [INFO] RecordSyncInitDuration has_sync_been_enabled: 0 state: 3
2026-02-07 14:19:54.666: [INFO] RecordSyncInitDuration has_sync_been_enabled: 0 state: 3
2026-02-07 14:19:57.559: [INFO] BookmarkNodeAdded, ABU: 0
2026-02-07 14:19:57.560: [INFO] BookmarkNodeAdded, ABU: 0
2026-02-07 14:19:57.560: [INFO] BookmarkNodeAdded, ABU: 0
2026-02-07 14:19:57.561: [INFO] BookmarkNodeAdded, ABU: 0
2026-02-07 14:19:57.561: [INFO] BookmarkNodeAdded, ABU: 0
2026-02-07 14:19:57.561: [INFO] BookmarkNodeAdded, ABU: 0
2026-02-07 14:19:57.561: [INFO] BookmarkNodeAdded, ABU: 0
2026-02-07 14:19:57.561: [INFO] BookmarkNodeAdded, ABU: 0
2026-02-07 14:19:57.562: [INFO] BookmarkNodeAdded, ABU: 0
2026-02-07 14:19:57.562: [INFO] BookmarkNodeAdded, ABU: 0
2026-02-07 14:19:57.562: [INFO] BookmarkNodeAdded, ABU: 0
2026-02-07 14:19:57.562: [INFO] BookmarkNodeAdded, ABU: 0
2026-02-07 14:19:57.562: [INFO] BookmarkNodeAdded, ABU: 0
2026-02-07 14:19:57.563: [INFO] BookmarkNodeAdded, ABU: 0
2026-02-07 14:19:57.563: [INFO] BookmarkNodeAdded, ABU: 0
2026-02-07 14:19:57.563: [INFO] BookmarkNodeAdded, ABU: 0
2026-02-07 14:19:57.563: [INFO] BookmarkNodeAdded, ABU: 0
2026-02-07 14:19:57.564: [INFO] BookmarkNodeAdded, ABU: 0
2026-02-07 14:19:57.564: [INFO] BookmarkNodeAdded, ABU: 0
2026-02-07 14:19:57.564: [INFO] BookmarkNodeAdded, ABU: 0
2026-02-07 14:19:57.564: [INFO] BookmarkNodeAdded, ABU: 0
2026-02-07 14:19:57.564: [INFO] BookmarkNodeAdded, ABU: 0
2026-02-07 14:19:57.565: [INFO] BookmarkNodeAdded, ABU: 0
2026-02-07 14:19:57.565: [INFO] BookmarkNodeAdded, ABU: 0
2026-02-07 14:19:57.565: [INFO] BookmarkNodeAdded, ABU: 0
2026-02-07 14:19:57.565: [INFO] BookmarkNodeAdded, ABU: 0
2026-02-07 14:19:57.565: [INFO] BookmarkNodeAdded, ABU: 0
2026-02-07 14:19:57.566: [INFO] BookmarkNodeAdded, ABU: 0
2026-02-07 14:19:57.566: [INFO] BookmarkNodeAdded, ABU: 0
2026-02-07 14:19:57.567: [INFO] BookmarkNodeAdded, ABU: 0
2026-02-07 14:19:57.567: [INFO] BookmarkNodeAdded, ABU: 0
2026-02-07 14:19:57.567: [INFO] BookmarkNodeAdded, ABU: 0
2026-02-07 14:19:57.567: [INFO] BookmarkNodeAdded, ABU: 0
2026-02-07 14:19:57.567: [INFO] BookmarkNodeAdded, ABU: 0
2026-02-07 14:19:57.568: [INFO] BookmarkNodeAdded, ABU: 0
2026-02-07 14:19:57.568: [INFO] BookmarkNodeAdded, ABU: 0
2026-02-07 14:19:57.569: [INFO] BookmarkNodeAdded, ABU: 0
2026-02-07 14:19:57.569: [INFO] BookmarkNodeAdded, ABU: 0
2026-02-07 14:19:57.569: [INFO] BookmarkNodeAdded, ABU: 0
2026-02-07 14:19:57.569: [INFO] BookmarkNodeAdded, ABU: 0
2026-02-07 14:19:57.569: [INFO] BookmarkNodeAdded, ABU: 0
2026-02-07 14:19:57.570: [INFO] BookmarkNodeAdded, ABU: 0
2026-02-07 14:19:57.570: [INFO] BookmarkNodeAdded, ABU: 0
2026-02-07 14:19:57.570: [INFO] BookmarkNodeAdded, ABU: 0
2026-02-07 14:19:57.570: [INFO] BookmarkNodeAdded, ABU: 0
2026-02-07 14:19:57.571: [INFO] BookmarkNodeAdded, ABU: 0
2026-02-07 14:19:57.571: [INFO] BookmarkNodeAdded, ABU: 0
2026-02-07 14:19:57.571: [INFO] BookmarkNodeAdded, ABU: 0
2026-02-07 14:19:57.571: [INFO] BookmarkNodeAdded, ABU: 0
2026-02-07 14:19:57.572: [INFO] BookmarkNodeAdded, ABU: 0
2026-02-07 14:19:57.572: [INFO] BookmarkNodeAdded, ABU: 0
2026-02-07 14:19:57.572: [INFO] BookmarkNodeAdded, ABU: 0
2026-02-07 14:19:57.572: [INFO] BookmarkNodeAdded, ABU: 0
2026-02-07 14:19:57.572: [INFO] BookmarkNodeAdded, ABU: 0
2026-02-07 14:19:57.572: [INFO] BookmarkNodeAdded, ABU: 0
2026-02-07 14:19:57.573: [INFO] BookmarkNodeAdded, ABU: 0
2026-02-07 14:19:57.573: [INFO] BookmarkNodeAdded, ABU: 0
2026-02-07 14:19:57.573: [INFO] BookmarkNodeAdded, ABU: 0
2026-02-07 14:19:57.573: [INFO] BookmarkNodeAdded, ABU: 0
2026-02-07 14:19:57.574: [INFO] BookmarkNodeAdded, ABU: 0
2026-02-07 14:19:57.574: [INFO] BookmarkNodeAdded, ABU: 0
2026-02-07 14:19:57.574: [INFO] BookmarkNodeAdded, ABU: 0
2026-02-07 14:19:57.574: [INFO] BookmarkNodeAdded, ABU: 0
2026-02-07 14:19:57.575: [INFO] BookmarkNodeAdded, ABU: 0
2026-02-07 14:19:57.575: [INFO] BookmarkNodeAdded, ABU: 0
2026-02-07 14:19:57.575: [INFO] BookmarkNodeAdded, ABU: 0
2026-02-07 14:19:57.575: [INFO] BookmarkNodeAdded, ABU: 0
2026-02-07 14:19:57.575: [INFO] BookmarkNodeAdded, ABU: 0
2026-02-07 14:19:57.575: [INFO] BookmarkNodeAdded, ABU: 0
2026-02-07 14:20:06.365: [INFO] Sync initialization duration: 11436ms
2026-02-07 14:43:31.897: [INFO] VisibilityChanged: 0
2026-02-07 14:43:31.969: [INFO] BookmarkNodeAdded, ABU: 0
2026-02-07 14:43:31.970: [INFO] BookmarkNodeAdded, ABU: 0
2026-02-07 14:43:31.970: [INFO] BookmarkNodeAdded, ABU: 0
2026-02-07 14:43:31.970: [INFO] BookmarkModelLoaded, ids_reassigned: 0
2026-02-07 14:43:31.970: [INFO] OnDoneLoading sync enabled: 1
2026-02-07 14:43:43.139: [INFO] Sync initialization duration: 1259ms
2026-02-07 15:38:28.087: [INFO] VisibilityChanged: 0
2026-02-07 15:38:28.171: [INFO] BookmarkNodeAdded, ABU: 0
2026-02-07 15:38:28.172: [INFO] BookmarkNodeAdded, ABU: 0
2026-02-07 15:38:28.172: [INFO] BookmarkNodeAdded, ABU: 0
2026-02-07 15:38:28.172: [INFO] BookmarkModelLoaded, ids_reassigned: 0
2026-02-07 15:38:28.172: [INFO] OnDoneLoading sync enabled: 0
2026-02-07 15:38:31.450: [INFO] Primary account changed.
2026-02-07 15:38:31.450: [INFO] OnPrimaryAccountChanged PrimaryAccountChangeEvent::Type::kSet
2026-02-07 15:38:34.716: [INFO] BookmarkNodeMoved
2026-02-07 15:38:34.716: [INFO] BookmarkNodeMoved
2026-02-07 15:38:34.716: [INFO] BookmarkNodeMoved
2026-02-07 15:38:34.716: [INFO] BookmarkNodeMoved
2026-02-07 15:38:34.716: [INFO] BookmarkNodeMoved
2026-02-07 15:38:34.717: [INFO] BookmarkNodeMoved
2026-02-07 15:38:34.717: [INFO] BookmarkNodeMoved
2026-02-07 15:38:34.717: [INFO] BookmarkNodeMoved
2026-02-07 15:38:34.717: [INFO] BookmarkNodeMoved
2026-02-07 15:38:34.717: [INFO] BookmarkNodeMoved
2026-02-07 15:38:34.717: [INFO] BookmarkNodeMoved
2026-02-07 15:38:34.717: [INFO] BookmarkNodeMoved
2026-02-07 15:38:34.717: [INFO] BookmarkNodeMoved
2026-02-07 15:38:34.717: [INFO] BookmarkNodeMoved
2026-02-07 15:38:34.718: [INFO] BookmarkNodeMoved
2026-02-07 15:38:34.718: [INFO] BookmarkNodeMoved
2026-02-07 15:38:34.718: [INFO] BookmarkNodeMoved
2026-02-07 15:38:34.718: [INFO] BookmarkNodeMoved
2026-02-07 15:38:34.718: [INFO] BookmarkNodeMoved
2026-02-07 15:38:34.718: [INFO] BookmarkNodeMoved
2026-02-07 15:38:34.718: [INFO] BookmarkNodeMoved
2026-02-07 15:38:34.718: [INFO] BookmarkNodeMoved
2026-02-07 15:38:34.718: [INFO] BookmarkNodeMoved
2026-02-07 15:38:34.718: [INFO] BookmarkNodeMoved
2026-02-07 15:38:34.718: [INFO] BookmarkNodeMoved
2026-02-07 15:38:34.718: [INFO] BookmarkNodeMoved
2026-02-07 15:38:34.718: [INFO] BookmarkNodeMoved
2026-02-07 15:38:34.718: [INFO] BookmarkNodeMoved
2026-02-07 15:38:34.719: [INFO] BookmarkNodeMoved
2026-02-07 15:38:34.719: [INFO] BookmarkNodeMoved
2026-02-07 15:38:34.719: [INFO] BookmarkNodeMoved
2026-02-07 15:38:34.719: [INFO] BookmarkNodeMoved
2026-02-07 15:38:34.719: [INFO] BookmarkNodeMoved
2026-02-07 15:38:34.719: [INFO] BookmarkNodeMoved
2026-02-07 15:38:34.720: [INFO] BookmarkNodeMoved
2026-02-07 15:38:34.720: [INFO] BookmarkNodeMoved
2026-02-07 15:38:34.720: [INFO] BookmarkNodeMoved
2026-02-07 15:38:34.720: [INFO] BookmarkNodeMoved
2026-02-07 15:38:34.720: [INFO] BookmarkNodeMoved
2026-02-07 15:38:34.720: [INFO] BookmarkNodeMoved
2026-02-07 15:38:34.720: [INFO] BookmarkNodeMoved
2026-02-07 15:38:34.720: [INFO] BookmarkNodeMoved
2026-02-07 15:38:34.721: [INFO] BookmarkNodeMoved
2026-02-07 15:38:34.721: [INFO] BookmarkNodeMoved
2026-02-07 15:38:34.721: [INFO] BookmarkNodeMoved
2026-02-07 15:38:34.721: [INFO] BookmarkNodeMoved
2026-02-07 15:38:34.721: [INFO] BookmarkNodeMoved
2026-02-07 15:38:34.721: [INFO] BookmarkNodeMoved
2026-02-07 15:38:34.721: [INFO] BookmarkNodeMoved
2026-02-07 15:38:34.722: [INFO] BookmarkNodeMoved
2026-02-07 15:38:34.722: [INFO] BookmarkNodeMoved
2026-02-07 15:38:34.722: [INFO] BookmarkNodeMoved
2026-02-07 15:38:34.722: [INFO] BookmarkNodeMoved
2026-02-07 15:38:34.722: [INFO] BookmarkNodeMoved
2026-02-07 15:38:34.722: [INFO] BookmarkNodeMoved
2026-02-07 15:38:34.722: [INFO] BookmarkNodeMoved
2026-02-07 15:38:34.722: [INFO] BookmarkNodeMoved
2026-02-07 15:38:43.664: [INFO] Sync initialization duration: 15482ms
2026-02-07 16:00:34.083: [INFO] VisibilityChanged: 0
2026-02-07 16:00:34.185: [INFO] BookmarkNodeAdded, ABU: 0
2026-02-07 16:00:34.185: [INFO] BookmarkNodeAdded, ABU: 0
2026-02-07 16:00:34.186: [INFO] BookmarkNodeAdded, ABU: 0
2026-02-07 16:00:34.186: [INFO] BookmarkModelLoaded, ids_reassigned: 0
2026-02-07 16:00:34.186: [INFO] OnDoneLoading sync enabled: 1
2026-02-07 16:00:45.751: [INFO] Sync initialization duration: 1693ms
2026-02-07 16:22:39.907: [INFO] VisibilityChanged: 0
2026-02-07 16:22:40.003: [INFO] BookmarkNodeAdded, ABU: 0
2026-02-07 16:22:40.003: [INFO] BookmarkNodeAdded, ABU: 0
2026-02-07 16:22:40.003: [INFO] BookmarkNodeAdded, ABU: 0
2026-02-07 16:22:40.003: [INFO] BookmarkModelLoaded, ids_reassigned: 0
2026-02-07 16:22:40.003: [INFO] OnDoneLoading sync enabled: 0
2026-02-07 16:22:43.722: [INFO] Primary account changed.
2026-02-07 16:22:43.722: [INFO] OnPrimaryAccountChanged PrimaryAccountChangeEvent::Type::kSet
2026-02-07 16:22:47.144: [INFO] BookmarkNodeMoved
2026-02-07 16:22:47.144: [INFO] BookmarkNodeMoved
2026-02-07 16:22:47.145: [INFO] BookmarkNodeMoved
2026-02-07 16:22:47.145: [INFO] BookmarkNodeMoved
2026-02-07 16:22:47.145: [INFO] BookmarkNodeMoved
2026-02-07 16:22:47.145: [INFO] BookmarkNodeMoved
2026-02-07 16:22:47.145: [INFO] BookmarkNodeMoved
2026-02-07 16:22:47.145: [INFO] BookmarkNodeMoved
2026-02-07 16:22:47.145: [INFO] BookmarkNodeMoved
2026-02-07 16:22:47.145: [INFO] BookmarkNodeMoved
2026-02-07 16:22:47.145: [INFO] BookmarkNodeMoved
2026-02-07 16:22:47.145: [INFO] BookmarkNodeMoved
2026-02-07 16:22:47.145: [INFO] BookmarkNodeMoved
2026-02-07 16:22:47.145: [INFO] BookmarkNodeMoved
2026-02-07 16:22:47.145: [INFO] BookmarkNodeMoved
2026-02-07 16:22:47.145: [INFO] BookmarkNodeMoved
2026-02-07 16:22:47.145: [INFO] BookmarkNodeMoved
2026-02-07 16:22:47.145: [INFO] BookmarkNodeMoved
2026-02-07 16:22:47.145: [INFO] BookmarkNodeMoved
2026-02-07 16:22:47.145: [INFO] BookmarkNodeMoved
2026-02-07 16:22:47.145: [INFO] BookmarkNodeMoved
2026-02-07 16:22:47.146: [INFO] BookmarkNodeMoved
2026-02-07 16:22:47.146: [INFO] BookmarkNodeMoved
2026-02-07 16:22:47.146: [INFO] BookmarkNodeMoved
2026-02-07 16:22:47.146: [INFO] BookmarkNodeMoved
2026-02-07 16:22:47.146: [INFO] BookmarkNodeMoved
2026-02-07 16:22:47.146: [INFO] BookmarkNodeMoved
2026-02-07 16:22:47.146: [INFO] BookmarkNodeMoved
2026-02-07 16:22:47.146: [INFO] BookmarkNodeMoved
2026-02-07 16:22:47.146: [INFO] BookmarkNodeMoved
2026-02-07 16:22:47.146: [INFO] BookmarkNodeMoved
2026-02-07 16:22:47.146: [INFO] BookmarkNodeMoved
2026-02-07 16:22:47.147: [INFO] BookmarkNodeMoved
2026-02-07 16:22:47.147: [INFO] BookmarkNodeMoved
2026-02-07 16:22:47.147: [INFO] BookmarkNodeMoved
2026-02-07 16:22:47.147: [INFO] BookmarkNodeMoved
2026-02-07 16:22:47.147: [INFO] BookmarkNodeMoved
2026-02-07 16:22:47.147: [INFO] BookmarkNodeMoved
2026-02-07 16:22:47.147: [INFO] BookmarkNodeMoved
2026-02-07 16:22:47.147: [INFO] BookmarkNodeMoved
2026-02-07 16:22:47.147: [INFO] BookmarkNodeMoved
2026-02-07 16:22:47.147: [INFO] BookmarkNodeMoved
2026-02-07 16:22:47.147: [INFO] BookmarkNodeMoved
2026-02-07 16:22:47.147: [INFO] BookmarkNodeMoved
2026-02-07 16:22:47.147: [INFO] BookmarkNodeMoved
2026-02-07 16:22:47.147: [INFO] BookmarkNodeMoved
2026-02-07 16:22:47.147: [INFO] BookmarkNodeMoved
2026-02-07 16:22:47.147: [INFO] BookmarkNodeMoved
2026-02-07 16:22:47.147: [INFO] BookmarkNodeMoved
2026-02-07 16:22:47.147: [INFO] BookmarkNodeMoved
2026-02-07 16:22:47.147: [INFO] BookmarkNodeMoved
2026-02-07 16:22:47.148: [INFO] BookmarkNodeMoved
2026-02-07 16:22:47.148: [INFO] BookmarkNodeMoved
2026-02-07 16:22:47.148: [INFO] BookmarkNodeMoved
2026-02-07 16:22:47.148: [INFO] BookmarkNodeMoved
2026-02-07 16:22:47.148: [INFO] BookmarkNodeMoved
2026-02-07 16:22:47.148: [INFO] BookmarkNodeMoved
2026-02-07 16:22:55.637: [INFO] Sync initialization duration: 15630ms
