{"logTime": "0207/141956", "correlationVector":"iS8TJTSZcbkTeuIEFB4+1j.1","action":"SyncServerConnectionManagerRequest", "result":"SYNC_SERVER_OK", "context":{"environment":"Prod_southindia_prod-s01-004-apac-southindia", "migrationStage":"NotStarted", "server":"akswtt102000009"}}
{"logTime": "0207/141956", "correlationVector":"iS8TJTSZcbkTeuIEFB4+1j.2","action":"ProcessGetUpdates", "result":"Done", "context":{"dataType":"Encryption Keys", "deleted":"0", "process_failed_to_decrypt":"0", "process_pending_decryption":"0", "process_success":"1", "total":"1"}}
{"logTime": "0207/141956", "correlationVector":"62EFpJLIzHEyUGj+R8nNPs","action":"SyncServerConnectionManagerRequest", "result":"SYNC_SERVER_OK", "context":{"environment":"", "migrationStage":"", "server":""}}
{"logTime": "0207/141956", "correlationVector":"62EFpJLIzHEyUGj+R8nNPs.0","action":"EncryptionKeysFetcher.DownloadKeys:", "result":"Success", "context":Key count: 7, Last key timestamp: 2025-08-25T03:46:18Z}
{"logTime": "0207/141956", "correlationVector":"62EFpJLIzHEyUGj+R8nNPs.1","action":"EncryptionKeysManager::SetEncryptionKeys:", "result":"Success", "context":Key names[7]:[K+OItadc7aa9Yd7GwrnYal4o9L2sXZ5OMfo5yRTC7DFiww6X6k7f4BBENzq57NsSpDjXT3GGo9tzMfqWkhkr9w==][RRyw7kZV6JO4nCawVzSDxJQSsExdAGcGdQIZQNTcH49iRmix7sgDvuCDOJCbzkOTbJHlN4LT2f1Ed8W/wxgeqg==][sw+cmJSfk3e7PV09WGmqrXOouHAbRY3QDGyjhgn/qyyqoCPmSpTzDR39u9l1J3MQOGH7X8N/JHvlFkVflhMhFw==][xeJzAsyk99+BL4PvrgCh1uuLBxakIn9mWWSEmvy6UbJ4FYnICERcUA3c2BGpDQBb5neyFqf4EadYD0HIiwn9OQ==][9RibRdOjGNh0aZGvtS/tQjr5wOn0mc5FW7NX6JklCqRPMJ+TAVfHbuNoGOEO1zQItTa8AQBuZrzOlKM1uIW/tQ==][JI0ithlujT/fTFYPnd0Unr85J2PZm7S7A2LF8gjNQVFpmeUtp98JmV8tqbQWY7Rqicjr8U0lkFvSEXqCP3g4eQ==][u2q52k4fhMDCc2tQhIO3B/ahPJSRC/XcVJYuTgUv07VCjEAOva+faOI0u/BnJDbsjroKzMw17536M4krWTGEAg==]}
{"logTime": "0207/141956", "correlationVector":"62EFpJLIzHEyUGj+R8nNPs.2","action":"EncryptionKeysManager::SetEncryptionKeysWithTimestamps:", "result":"Success", "context":Key timestamps[7]:[2022-09-02T14:02:27Z][2023-03-03T09:41:44Z][2023-08-31T00:03:23Z][2024-02-27T12:26:24Z][2024-08-26T14:17:25Z][2025-02-23T11:34:05Z][2025-08-25T03:46:18Z]}
{"logTime": "0207/141956", "correlationVector":"iS8TJTSZcbkTeuIEFB4+1j","action":"Initial GetUpdates", "result":"", "context":Reason: NEW_CLIENT. cV=iS8TJTSZcbkTeuIEFB4+1j}
{"logTime": "0207/141956", "correlationVector":"iS8TJTSZcbkTeuIEFB4+1j.3","action":"GetUpdates Response", "result":"Success", "context":Received 1 update(s). cV=iS8TJTSZcbkTeuIEFB4+1j.0;server=akswtt102000009;cloudType=Consumer;environment=Prod_southindia_prod-s01-004-apac-southindia;migrationStage=NotStarted}
{"logTime": "0207/141956", "correlationVector":"uvanQLU3JQRpTXRWbcHoX4","action":"Initial GetUpdates", "result":"", "context":Reason: NEWLY_SUPPORTED_DATATYPE. cV=uvanQLU3JQRpTXRWbcHoX4}
{"logTime": "0207/141957", "correlationVector":"uvanQLU3JQRpTXRWbcHoX4.1","action":"SyncServerConnectionManagerRequest", "result":"SYNC_SERVER_OK", "context":{"environment":"Prod_southindia_prod-s01-004-apac-southindia", "migrationStage":"NotStarted", "server":"akswtt10200000w"}}
{"logTime": "0207/141957", "correlationVector":"uvanQLU3JQRpTXRWbcHoX4.2","action":"ProcessGetUpdates", "result":"Done", "context":{"dataType":"Preferences", "deleted":"5", "process_failed_to_decrypt":"0", "process_pending_decryption":"0", "process_success":"103", "total":"103"}}
{"logTime": "0207/141957", "correlationVector":"uvanQLU3JQRpTXRWbcHoX4.3","action":"ProcessGetUpdates", "result":"Done", "context":{"dataType":"Passwords", "deleted":"1", "process_failed_to_decrypt":"0", "process_pending_decryption":"0", "process_success":"71", "total":"71"}}
{"logTime": "0207/141957", "correlationVector":"uvanQLU3JQRpTXRWbcHoX4.4","action":"ProcessGetUpdates", "result":"Done", "context":{"dataType":"Device Info", "deleted":"0", "process_failed_to_decrypt":"0", "process_pending_decryption":"0", "process_success":"46", "total":"46"}}
{"logTime": "0207/141957", "correlationVector":"uvanQLU3JQRpTXRWbcHoX4.5","action":"GetUpdates Response", "result":"Success", "context":Received 220 update(s). cV=uvanQLU3JQRpTXRWbcHoX4.0;server=akswtt10200000w;cloudType=Consumer;environment=Prod_southindia_prod-s01-004-apac-southindia;migrationStage=NotStarted}
{"logTime": "0207/141957", "correlationVector":"DS3zAWBI0fXPmSk9LSGOkJ","action":"Initial GetUpdates", "result":"", "context":Reason: NEWLY_SUPPORTED_DATATYPE. cV=DS3zAWBI0fXPmSk9LSGOkJ}
{"logTime": "0207/141957", "correlationVector":"DS3zAWBI0fXPmSk9LSGOkJ.1","action":"SyncServerConnectionManagerRequest", "result":"SYNC_SERVER_OK", "context":{"environment":"Prod_southindia_prod-s01-004-apac-southindia", "migrationStage":"NotStarted", "server":"akswtt10200000c"}}
{"logTime": "0207/141957", "correlationVector":"DS3zAWBI0fXPmSk9LSGOkJ.2","action":"ProcessGetUpdates", "result":"Done", "context":{"dataType":"Bookmarks", "deleted":"0", "process_failed_to_decrypt":"0", "process_pending_decryption":"0", "process_success":"75", "total":"75"}}
{"logTime": "0207/141957", "correlationVector":"DS3zAWBI0fXPmSk9LSGOkJ.3","action":"GetUpdates Response", "result":"Success", "context":Received 75 update(s). cV=DS3zAWBI0fXPmSk9LSGOkJ.0;server=akswtt10200000c;cloudType=Consumer;environment=Prod_southindia_prod-s01-004-apac-southindia;migrationStage=NotStarted}
{"logTime": "0207/141957", "correlationVector":"augRYuM7UtMONZDFCBoid6","action":"Initial GetUpdates", "result":"", "context":Reason: NEWLY_SUPPORTED_DATATYPE. cV=augRYuM7UtMONZDFCBoid6}
{"logTime": "0207/141958", "correlationVector":"augRYuM7UtMONZDFCBoid6.1","action":"SyncServerConnectionManagerRequest", "result":"SYNC_SERVER_OK", "context":{"environment":"Prod_southindia_prod-s01-004-apac-southindia", "migrationStage":"NotStarted", "server":"akswtt10200000p"}}
{"logTime": "0207/141958", "correlationVector":"augRYuM7UtMONZDFCBoid6.2","action":"ProcessGetUpdates", "result":"Done", "context":{"dataType":"Autofill Profiles", "deleted":"0", "process_failed_to_decrypt":"0", "process_pending_decryption":"0", "process_success":"28", "total":"28"}}
{"logTime": "0207/141958", "correlationVector":"augRYuM7UtMONZDFCBoid6.3","action":"ProcessGetUpdates", "result":"Done", "context":{"dataType":"Autofill", "deleted":"0", "process_failed_to_decrypt":"0", "process_pending_decryption":"0", "process_success":"172", "total":"172"}}
{"logTime": "0207/141958", "correlationVector":"augRYuM7UtMONZDFCBoid6.4","action":"ProcessGetUpdates", "result":"Done", "context":{"dataType":"Extensions", "deleted":"0", "process_failed_to_decrypt":"0", "process_pending_decryption":"0", "process_success":"4", "total":"4"}}
{"logTime": "0207/141958", "correlationVector":"augRYuM7UtMONZDFCBoid6.5","action":"ProcessGetUpdates", "result":"Done", "context":{"dataType":"Extension settings", "deleted":"0", "process_failed_to_decrypt":"0", "process_pending_decryption":"0", "process_success":"30", "total":"30"}}
{"logTime": "0207/141958", "correlationVector":"augRYuM7UtMONZDFCBoid6.6","action":"ProcessGetUpdates", "result":"Done", "context":{"dataType":"Saved Tab Group", "deleted":"16", "process_failed_to_decrypt":"0", "process_pending_decryption":"0", "process_success":"16", "total":"16"}}
{"logTime": "0207/141958", "correlationVector":"augRYuM7UtMONZDFCBoid6.7","action":"GetUpdates Response", "result":"Success", "context":Received 250 update(s). cV=augRYuM7UtMONZDFCBoid6.0;server=akswtt10200000p;cloudType=Consumer;environment=Prod_southindia_prod-s01-004-apac-southindia;migrationStage=NotStarted Some updates remain.}
{"logTime": "0207/141958", "correlationVector":"blGchH6izHifImA+csnOPo","action":"Initial GetUpdates", "result":"", "context":Reason: NEWLY_SUPPORTED_DATATYPE. cV=blGchH6izHifImA+csnOPo}
{"logTime": "0207/141959", "correlationVector":"blGchH6izHifImA+csnOPo.1","action":"SyncServerConnectionManagerRequest", "result":"SYNC_SERVER_OK", "context":{"environment":"Prod_southindia_prod-s01-004-apac-southindia", "migrationStage":"NotStarted", "server":"akswtt10200000o"}}
{"logTime": "0207/141959", "correlationVector":"blGchH6izHifImA+csnOPo.2","action":"ProcessGetUpdates", "result":"Done", "context":{"dataType":"Autofill", "deleted":"0", "process_failed_to_decrypt":"0", "process_pending_decryption":"0", "process_success":"250", "total":"250"}}
{"logTime": "0207/141959", "correlationVector":"blGchH6izHifImA+csnOPo.3","action":"GetUpdates Response", "result":"Success", "context":Received 250 update(s). cV=blGchH6izHifImA+csnOPo.0;server=akswtt10200000o;cloudType=Consumer;environment=Prod_southindia_prod-s01-004-apac-southindia;migrationStage=NotStarted Some updates remain.}
{"logTime": "0207/141959", "correlationVector":"21NTN3jqdogxqCfHmDVNF1","action":"Initial GetUpdates", "result":"", "context":Reason: NEWLY_SUPPORTED_DATATYPE. cV=21NTN3jqdogxqCfHmDVNF1}
{"logTime": "0207/141959", "correlationVector":"21NTN3jqdogxqCfHmDVNF1.1","action":"SyncServerConnectionManagerRequest", "result":"SYNC_SERVER_OK", "context":{"environment":"Prod_southindia_prod-s01-004-apac-southindia", "migrationStage":"NotStarted", "server":"akswtt10200000p"}}
{"logTime": "0207/141959", "correlationVector":"21NTN3jqdogxqCfHmDVNF1.2","action":"ProcessGetUpdates", "result":"Done", "context":{"dataType":"Autofill Profiles", "deleted":"0", "process_failed_to_decrypt":"0", "process_pending_decryption":"0", "process_success":"4", "total":"4"}}
{"logTime": "0207/141959", "correlationVector":"21NTN3jqdogxqCfHmDVNF1.3","action":"ProcessGetUpdates", "result":"Done", "context":{"dataType":"Autofill", "deleted":"0", "process_failed_to_decrypt":"0", "process_pending_decryption":"0", "process_success":"239", "total":"239"}}
{"logTime": "0207/141959", "correlationVector":"21NTN3jqdogxqCfHmDVNF1.4","action":"ProcessGetUpdates", "result":"Done", "context":{"dataType":"Extensions", "deleted":"0", "process_failed_to_decrypt":"0", "process_pending_decryption":"0", "process_success":"1", "total":"1"}}
{"logTime": "0207/141959", "correlationVector":"21NTN3jqdogxqCfHmDVNF1.5","action":"ProcessGetUpdates", "result":"Done", "context":{"dataType":"Extension settings", "deleted":"0", "process_failed_to_decrypt":"0", "process_pending_decryption":"0", "process_success":"1", "total":"1"}}
{"logTime": "0207/141959", "correlationVector":"21NTN3jqdogxqCfHmDVNF1.6","action":"ProcessGetUpdates", "result":"Done", "context":{"dataType":"Saved Tab Group", "deleted":"5", "process_failed_to_decrypt":"0", "process_pending_decryption":"0", "process_success":"5", "total":"5"}}
{"logTime": "0207/141959", "correlationVector":"21NTN3jqdogxqCfHmDVNF1.7","action":"GetUpdates Response", "result":"Success", "context":Received 250 update(s). cV=21NTN3jqdogxqCfHmDVNF1.0;server=akswtt10200000p;cloudType=Consumer;environment=Prod_southindia_prod-s01-004-apac-southindia;migrationStage=NotStarted Some updates remain.}
{"logTime": "0207/141959", "correlationVector":"l+cdIuuBpW7QDT9ZTscP9u","action":"Initial GetUpdates", "result":"", "context":Reason: NEWLY_SUPPORTED_DATATYPE. cV=l+cdIuuBpW7QDT9ZTscP9u}
{"logTime": "0207/141959", "correlationVector":"l+cdIuuBpW7QDT9ZTscP9u.1","action":"SyncServerConnectionManagerRequest", "result":"SYNC_SERVER_OK", "context":{"environment":"Prod_southindia_prod-s01-004-apac-southindia", "migrationStage":"NotStarted", "server":"akswtt102000016"}}
{"logTime": "0207/141959", "correlationVector":"l+cdIuuBpW7QDT9ZTscP9u.2","action":"ProcessGetUpdates", "result":"Done", "context":{"dataType":"Autofill Profiles", "deleted":"0", "process_failed_to_decrypt":"0", "process_pending_decryption":"0", "process_success":"2", "total":"2"}}
{"logTime": "0207/141959", "correlationVector":"l+cdIuuBpW7QDT9ZTscP9u.3","action":"ProcessGetUpdates", "result":"Done", "context":{"dataType":"Autofill", "deleted":"0", "process_failed_to_decrypt":"0", "process_pending_decryption":"0", "process_success":"36", "total":"36"}}
{"logTime": "0207/141959", "correlationVector":"l+cdIuuBpW7QDT9ZTscP9u.4","action":"ProcessGetUpdates", "result":"Done", "context":{"dataType":"Sessions", "deleted":"212", "process_failed_to_decrypt":"0", "process_pending_decryption":"0", "process_success":"212", "total":"212"}}
{"logTime": "0207/141959", "correlationVector":"l+cdIuuBpW7QDT9ZTscP9u.5","action":"GetUpdates Response", "result":"Success", "context":Received 250 update(s). cV=l+cdIuuBpW7QDT9ZTscP9u.0;server=akswtt102000016;cloudType=Consumer;environment=Prod_southindia_prod-s01-004-apac-southindia;migrationStage=NotStarted Some updates remain.}
{"logTime": "0207/141959", "correlationVector":"LCuQ4SIs9IBfsmyAxVZ6XB","action":"Initial GetUpdates", "result":"", "context":Reason: NEWLY_SUPPORTED_DATATYPE. cV=LCuQ4SIs9IBfsmyAxVZ6XB}
{"logTime": "0207/142000", "correlationVector":"LCuQ4SIs9IBfsmyAxVZ6XB.1","action":"SyncServerConnectionManagerRequest", "result":"SYNC_SERVER_OK", "context":{"environment":"Prod_southindia_prod-s01-004-apac-southindia", "migrationStage":"NotStarted", "server":"akswtt102000016"}}
{"logTime": "0207/142000", "correlationVector":"LCuQ4SIs9IBfsmyAxVZ6XB.2","action":"ProcessGetUpdates", "result":"Done", "context":{"dataType":"Autofill Profiles", "deleted":"1", "process_failed_to_decrypt":"0", "process_pending_decryption":"0", "process_success":"1", "total":"1"}}
{"logTime": "0207/142000", "correlationVector":"LCuQ4SIs9IBfsmyAxVZ6XB.3","action":"ProcessGetUpdates", "result":"Done", "context":{"dataType":"Autofill", "deleted":"0", "process_failed_to_decrypt":"0", "process_pending_decryption":"0", "process_success":"25", "total":"25"}}
{"logTime": "0207/142000", "correlationVector":"LCuQ4SIs9IBfsmyAxVZ6XB.4","action":"ProcessGetUpdates", "result":"Done", "context":{"dataType":"Sessions", "deleted":"224", "process_failed_to_decrypt":"0", "process_pending_decryption":"0", "process_success":"224", "total":"224"}}
{"logTime": "0207/142000", "correlationVector":"LCuQ4SIs9IBfsmyAxVZ6XB.5","action":"GetUpdates Response", "result":"Success", "context":Received 250 update(s). cV=LCuQ4SIs9IBfsmyAxVZ6XB.0;server=akswtt102000016;cloudType=Consumer;environment=Prod_southindia_prod-s01-004-apac-southindia;migrationStage=NotStarted Some updates remain.}
{"logTime": "0207/142000", "correlationVector":"XL4hoOB5cugidt1A6FYh3H","action":"Initial GetUpdates", "result":"", "context":Reason: NEWLY_SUPPORTED_DATATYPE. cV=XL4hoOB5cugidt1A6FYh3H}
{"logTime": "0207/142001", "correlationVector":"XL4hoOB5cugidt1A6FYh3H.1","action":"SyncServerConnectionManagerRequest", "result":"SYNC_SERVER_OK", "context":{"environment":"Prod_southindia_prod-s01-004-apac-southindia", "migrationStage":"NotStarted", "server":"akswtt10200000o"}}
{"logTime": "0207/142001", "correlationVector":"XL4hoOB5cugidt1A6FYh3H.2","action":"ProcessGetUpdates", "result":"Done", "context":{"dataType":"Autofill", "deleted":"0", "process_failed_to_decrypt":"0", "process_pending_decryption":"0", "process_success":"144", "total":"144"}}
{"logTime": "0207/142001", "correlationVector":"XL4hoOB5cugidt1A6FYh3H.3","action":"ProcessGetUpdates", "result":"Done", "context":{"dataType":"Sessions", "deleted":"106", "process_failed_to_decrypt":"0", "process_pending_decryption":"0", "process_success":"106", "total":"106"}}
{"logTime": "0207/142001", "correlationVector":"XL4hoOB5cugidt1A6FYh3H.4","action":"GetUpdates Response", "result":"Success", "context":Received 250 update(s). cV=XL4hoOB5cugidt1A6FYh3H.0;server=akswtt10200000o;cloudType=Consumer;environment=Prod_southindia_prod-s01-004-apac-southindia;migrationStage=NotStarted Some updates remain.}
{"logTime": "0207/142001", "correlationVector":"N9dVw5asC+Z6ucTikCuUs3","action":"Initial GetUpdates", "result":"", "context":Reason: NEWLY_SUPPORTED_DATATYPE. cV=N9dVw5asC+Z6ucTikCuUs3}
{"logTime": "0207/142001", "correlationVector":"N9dVw5asC+Z6ucTikCuUs3.1","action":"SyncServerConnectionManagerRequest", "result":"SYNC_SERVER_OK", "context":{"environment":"Prod_southindia_prod-s01-004-apac-southindia", "migrationStage":"NotStarted", "server":"akswtt10200000m"}}
{"logTime": "0207/142001", "correlationVector":"N9dVw5asC+Z6ucTikCuUs3.2","action":"ProcessGetUpdates", "result":"Done", "context":{"dataType":"Autofill Profiles", "deleted":"4", "process_failed_to_decrypt":"0", "process_pending_decryption":"0", "process_success":"4", "total":"4"}}
{"logTime": "0207/142001", "correlationVector":"N9dVw5asC+Z6ucTikCuUs3.3","action":"ProcessGetUpdates", "result":"Done", "context":{"dataType":"Autofill", "deleted":"0", "process_failed_to_decrypt":"0", "process_pending_decryption":"0", "process_success":"13", "total":"13"}}
{"logTime": "0207/142001", "correlationVector":"N9dVw5asC+Z6ucTikCuUs3.4","action":"ProcessGetUpdates", "result":"Done", "context":{"dataType":"Sessions", "deleted":"231", "process_failed_to_decrypt":"0", "process_pending_decryption":"0", "process_success":"231", "total":"231"}}
{"logTime": "0207/142001", "correlationVector":"N9dVw5asC+Z6ucTikCuUs3.5","action":"ProcessGetUpdates", "result":"Done", "context":{"dataType":"Edge Hub App Usage", "deleted":"1", "process_failed_to_decrypt":"0", "process_pending_decryption":"0", "process_success":"2", "total":"2"}}
{"logTime": "0207/142001", "correlationVector":"N9dVw5asC+Z6ucTikCuUs3.6","action":"GetUpdates Response", "result":"Success", "context":Received 250 update(s). cV=N9dVw5asC+Z6ucTikCuUs3.0;server=akswtt10200000m;cloudType=Consumer;environment=Prod_southindia_prod-s01-004-apac-southindia;migrationStage=NotStarted Some updates remain.}
{"logTime": "0207/142001", "correlationVector":"VxKbQCw3orYiHILlMKUlF9","action":"Initial GetUpdates", "result":"", "context":Reason: NEWLY_SUPPORTED_DATATYPE. cV=VxKbQCw3orYiHILlMKUlF9}
{"logTime": "0207/142002", "correlationVector":"VxKbQCw3orYiHILlMKUlF9.1","action":"SyncServerConnectionManagerRequest", "result":"SYNC_SERVER_OK", "context":{"environment":"Prod_southindia_prod-s01-004-apac-southindia", "migrationStage":"NotStarted", "server":"akswtt102000005"}}
{"logTime": "0207/142002", "correlationVector":"VxKbQCw3orYiHILlMKUlF9.2","action":"ProcessGetUpdates", "result":"Done", "context":{"dataType":"Autofill Profiles", "deleted":"1", "process_failed_to_decrypt":"0", "process_pending_decryption":"0", "process_success":"2", "total":"2"}}
{"logTime": "0207/142002", "correlationVector":"VxKbQCw3orYiHILlMKUlF9.3","action":"ProcessGetUpdates", "result":"Done", "context":{"dataType":"Autofill", "deleted":"0", "process_failed_to_decrypt":"0", "process_pending_decryption":"0", "process_success":"15", "total":"15"}}
{"logTime": "0207/142002", "correlationVector":"VxKbQCw3orYiHILlMKUlF9.4","action":"ProcessGetUpdates", "result":"Done", "context":{"dataType":"Sessions", "deleted":"230", "process_failed_to_decrypt":"0", "process_pending_decryption":"0", "process_success":"230", "total":"230"}}
{"logTime": "0207/142002", "correlationVector":"VxKbQCw3orYiHILlMKUlF9.5","action":"ProcessGetUpdates", "result":"Done", "context":{"dataType":"Saved Tab Group", "deleted":"3", "process_failed_to_decrypt":"0", "process_pending_decryption":"0", "process_success":"3", "total":"3"}}
{"logTime": "0207/142002", "correlationVector":"VxKbQCw3orYiHILlMKUlF9.6","action":"GetUpdates Response", "result":"Success", "context":Received 250 update(s). cV=VxKbQCw3orYiHILlMKUlF9.0;server=akswtt102000005;cloudType=Consumer;environment=Prod_southindia_prod-s01-004-apac-southindia;migrationStage=NotStarted Some updates remain.}
{"logTime": "0207/142002", "correlationVector":"Xt3EFXijQfgzIFDBr8jCIH","action":"Initial GetUpdates", "result":"", "context":Reason: NEWLY_SUPPORTED_DATATYPE. cV=Xt3EFXijQfgzIFDBr8jCIH}
{"logTime": "0207/142002", "correlationVector":"Xt3EFXijQfgzIFDBr8jCIH.1","action":"SyncServerConnectionManagerRequest", "result":"SYNC_SERVER_OK", "context":{"environment":"Prod_southindia_prod-s01-004-apac-southindia", "migrationStage":"NotStarted", "server":"akswtt102000016"}}
{"logTime": "0207/142002", "correlationVector":"Xt3EFXijQfgzIFDBr8jCIH.2","action":"ProcessGetUpdates", "result":"Done", "context":{"dataType":"Autofill Profiles", "deleted":"23", "process_failed_to_decrypt":"0", "process_pending_decryption":"0", "process_success":"24", "total":"24"}}
{"logTime": "0207/142002", "correlationVector":"Xt3EFXijQfgzIFDBr8jCIH.3","action":"ProcessGetUpdates", "result":"Done", "context":{"dataType":"Autofill", "deleted":"0", "process_failed_to_decrypt":"0", "process_pending_decryption":"0", "process_success":"37", "total":"37"}}
{"logTime": "0207/142002", "correlationVector":"Xt3EFXijQfgzIFDBr8jCIH.4","action":"ProcessGetUpdates", "result":"Done", "context":{"dataType":"Sessions", "deleted":"185", "process_failed_to_decrypt":"0", "process_pending_decryption":"0", "process_success":"185", "total":"185"}}
{"logTime": "0207/142002", "correlationVector":"Xt3EFXijQfgzIFDBr8jCIH.5","action":"ProcessGetUpdates", "result":"Done", "context":{"dataType":"Edge Hub App Usage", "deleted":"0", "process_failed_to_decrypt":"0", "process_pending_decryption":"0", "process_success":"4", "total":"4"}}
{"logTime": "0207/142002", "correlationVector":"Xt3EFXijQfgzIFDBr8jCIH.6","action":"GetUpdates Response", "result":"Success", "context":Received 250 update(s). cV=Xt3EFXijQfgzIFDBr8jCIH.0;server=akswtt102000016;cloudType=Consumer;environment=Prod_southindia_prod-s01-004-apac-southindia;migrationStage=NotStarted Some updates remain.}
{"logTime": "0207/142002", "correlationVector":"MsApojrgeC3JJDYhJ/THpi","action":"Initial GetUpdates", "result":"", "context":Reason: NEWLY_SUPPORTED_DATATYPE. cV=MsApojrgeC3JJDYhJ/THpi}
{"logTime": "0207/142003", "correlationVector":"MsApojrgeC3JJDYhJ/THpi.1","action":"SyncServerConnectionManagerRequest", "result":"SYNC_SERVER_OK", "context":{"environment":"Prod_southindia_prod-s01-004-apac-southindia", "migrationStage":"NotStarted", "server":"akswtt102000009"}}
{"logTime": "0207/142003", "correlationVector":"MsApojrgeC3JJDYhJ/THpi.2","action":"ProcessGetUpdates", "result":"Done", "context":{"dataType":"Autofill Profiles", "deleted":"1", "process_failed_to_decrypt":"0", "process_pending_decryption":"0", "process_success":"1", "total":"1"}}
{"logTime": "0207/142003", "correlationVector":"MsApojrgeC3JJDYhJ/THpi.3","action":"ProcessGetUpdates", "result":"Done", "context":{"dataType":"Autofill", "deleted":"0", "process_failed_to_decrypt":"0", "process_pending_decryption":"0", "process_success":"5", "total":"5"}}
{"logTime": "0207/142003", "correlationVector":"MsApojrgeC3JJDYhJ/THpi.4","action":"ProcessGetUpdates", "result":"Done", "context":{"dataType":"Sessions", "deleted":"244", "process_failed_to_decrypt":"0", "process_pending_decryption":"0", "process_success":"244", "total":"244"}}
{"logTime": "0207/142003", "correlationVector":"MsApojrgeC3JJDYhJ/THpi.5","action":"GetUpdates Response", "result":"Success", "context":Received 250 update(s). cV=MsApojrgeC3JJDYhJ/THpi.0;server=akswtt102000009;cloudType=Consumer;environment=Prod_southindia_prod-s01-004-apac-southindia;migrationStage=NotStarted Some updates remain.}
{"logTime": "0207/142003", "correlationVector":"bRl4X9HuWhjk3jzwG7UcmW","action":"Initial GetUpdates", "result":"", "context":Reason: NEWLY_SUPPORTED_DATATYPE. cV=bRl4X9HuWhjk3jzwG7UcmW}
{"logTime": "0207/142003", "correlationVector":"bRl4X9HuWhjk3jzwG7UcmW.1","action":"SyncServerConnectionManagerRequest", "result":"SYNC_SERVER_OK", "context":{"environment":"Prod_southindia_prod-s01-004-apac-southindia", "migrationStage":"NotStarted", "server":"akswtt10200000m"}}
{"logTime": "0207/142003", "correlationVector":"bRl4X9HuWhjk3jzwG7UcmW.2","action":"ProcessGetUpdates", "result":"Done", "context":{"dataType":"Autofill", "deleted":"0", "process_failed_to_decrypt":"0", "process_pending_decryption":"0", "process_success":"8", "total":"8"}}
{"logTime": "0207/142003", "correlationVector":"bRl4X9HuWhjk3jzwG7UcmW.3","action":"ProcessGetUpdates", "result":"Done", "context":{"dataType":"Sessions", "deleted":"233", "process_failed_to_decrypt":"0", "process_pending_decryption":"0", "process_success":"233", "total":"233"}}
{"logTime": "0207/142003", "correlationVector":"bRl4X9HuWhjk3jzwG7UcmW.4","action":"ProcessGetUpdates", "result":"Done", "context":{"dataType":"Saved Tab Group", "deleted":"3", "process_failed_to_decrypt":"0", "process_pending_decryption":"0", "process_success":"3", "total":"3"}}
{"logTime": "0207/142003", "correlationVector":"bRl4X9HuWhjk3jzwG7UcmW.5","action":"ProcessGetUpdates", "result":"Done", "context":{"dataType":"Edge Hub App Usage", "deleted":"5", "process_failed_to_decrypt":"0", "process_pending_decryption":"0", "process_success":"6", "total":"6"}}
{"logTime": "0207/142003", "correlationVector":"bRl4X9HuWhjk3jzwG7UcmW.6","action":"GetUpdates Response", "result":"Success", "context":Received 250 update(s). cV=bRl4X9HuWhjk3jzwG7UcmW.0;server=akswtt10200000m;cloudType=Consumer;environment=Prod_southindia_prod-s01-004-apac-southindia;migrationStage=NotStarted Some updates remain.}
{"logTime": "0207/142003", "correlationVector":"ExMsAiaAI9nGjuuW8qLdw8","action":"Initial GetUpdates", "result":"", "context":Reason: NEWLY_SUPPORTED_DATATYPE. cV=ExMsAiaAI9nGjuuW8qLdw8}
{"logTime": "0207/142004", "correlationVector":"ExMsAiaAI9nGjuuW8qLdw8.1","action":"SyncServerConnectionManagerRequest", "result":"SYNC_SERVER_OK", "context":{"environment":"Prod_southindia_prod-s01-004-apac-southindia", "migrationStage":"NotStarted", "server":"akswtt102000016"}}
{"logTime": "0207/142004", "correlationVector":"ExMsAiaAI9nGjuuW8qLdw8.2","action":"ProcessGetUpdates", "result":"Done", "context":{"dataType":"Autofill", "deleted":"0", "process_failed_to_decrypt":"0", "process_pending_decryption":"0", "process_success":"35", "total":"35"}}
{"logTime": "0207/142004", "correlationVector":"ExMsAiaAI9nGjuuW8qLdw8.3","action":"ProcessGetUpdates", "result":"Done", "context":{"dataType":"Extensions", "deleted":"0", "process_failed_to_decrypt":"0", "process_pending_decryption":"0", "process_success":"2", "total":"2"}}
{"logTime": "0207/142004", "correlationVector":"ExMsAiaAI9nGjuuW8qLdw8.4","action":"ProcessGetUpdates", "result":"Done", "context":{"dataType":"Sessions", "deleted":"209", "process_failed_to_decrypt":"0", "process_pending_decryption":"0", "process_success":"209", "total":"209"}}
{"logTime": "0207/142004", "correlationVector":"ExMsAiaAI9nGjuuW8qLdw8.5","action":"ProcessGetUpdates", "result":"Done", "context":{"dataType":"Saved Tab Group", "deleted":"4", "process_failed_to_decrypt":"0", "process_pending_decryption":"0", "process_success":"4", "total":"4"}}
{"logTime": "0207/142004", "correlationVector":"ExMsAiaAI9nGjuuW8qLdw8.6","action":"GetUpdates Response", "result":"Success", "context":Received 250 update(s). cV=ExMsAiaAI9nGjuuW8qLdw8.0;server=akswtt102000016;cloudType=Consumer;environment=Prod_southindia_prod-s01-004-apac-southindia;migrationStage=NotStarted Some updates remain.}
{"logTime": "0207/142004", "correlationVector":"DL2/uhwA0zO8WsV7KXYqtN","action":"Initial GetUpdates", "result":"", "context":Reason: NEWLY_SUPPORTED_DATATYPE. cV=DL2/uhwA0zO8WsV7KXYqtN}
{"logTime": "0207/142004", "correlationVector":"DL2/uhwA0zO8WsV7KXYqtN.1","action":"SyncServerConnectionManagerRequest", "result":"SYNC_SERVER_OK", "context":{"environment":"Prod_southindia_prod-s01-004-apac-southindia", "migrationStage":"NotStarted", "server":"akswtt10200000o"}}
{"logTime": "0207/142004", "correlationVector":"DL2/uhwA0zO8WsV7KXYqtN.2","action":"ProcessGetUpdates", "result":"Done", "context":{"dataType":"Autofill Profiles", "deleted":"1", "process_failed_to_decrypt":"0", "process_pending_decryption":"0", "process_success":"2", "total":"2"}}
{"logTime": "0207/142004", "correlationVector":"DL2/uhwA0zO8WsV7KXYqtN.3","action":"ProcessGetUpdates", "result":"Done", "context":{"dataType":"Autofill", "deleted":"0", "process_failed_to_decrypt":"0", "process_pending_decryption":"0", "process_success":"52", "total":"52"}}
{"logTime": "0207/142004", "correlationVector":"DL2/uhwA0zO8WsV7KXYqtN.4","action":"ProcessGetUpdates", "result":"Done", "context":{"dataType":"Sessions", "deleted":"196", "process_failed_to_decrypt":"0", "process_pending_decryption":"0", "process_success":"196", "total":"196"}}
{"logTime": "0207/142004", "correlationVector":"DL2/uhwA0zO8WsV7KXYqtN.5","action":"GetUpdates Response", "result":"Success", "context":Received 250 update(s). cV=DL2/uhwA0zO8WsV7KXYqtN.0;server=akswtt10200000o;cloudType=Consumer;environment=Prod_southindia_prod-s01-004-apac-southindia;migrationStage=NotStarted Some updates remain.}
{"logTime": "0207/142004", "correlationVector":"hWCbURVngvXOK5idznFpLv","action":"Initial GetUpdates", "result":"", "context":Reason: NEWLY_SUPPORTED_DATATYPE. cV=hWCbURVngvXOK5idznFpLv}
{"logTime": "0207/142005", "correlationVector":"hWCbURVngvXOK5idznFpLv.1","action":"SyncServerConnectionManagerRequest", "result":"SYNC_SERVER_OK", "context":{"environment":"Prod_southindia_prod-s01-004-apac-southindia", "migrationStage":"NotStarted", "server":"akswtt10200000m"}}
{"logTime": "0207/142005", "correlationVector":"hWCbURVngvXOK5idznFpLv.2","action":"ProcessGetUpdates", "result":"Done", "context":{"dataType":"Autofill", "deleted":"0", "process_failed_to_decrypt":"0", "process_pending_decryption":"0", "process_success":"40", "total":"40"}}
{"logTime": "0207/142005", "correlationVector":"hWCbURVngvXOK5idznFpLv.3","action":"ProcessGetUpdates", "result":"Done", "context":{"dataType":"Sessions", "deleted":"204", "process_failed_to_decrypt":"0", "process_pending_decryption":"0", "process_success":"210", "total":"210"}}
{"logTime": "0207/142005", "correlationVector":"hWCbURVngvXOK5idznFpLv.4","action":"GetUpdates Response", "result":"Success", "context":Received 250 update(s). cV=hWCbURVngvXOK5idznFpLv.0;server=akswtt10200000m;cloudType=Consumer;environment=Prod_southindia_prod-s01-004-apac-southindia;migrationStage=NotStarted Some updates remain.}
{"logTime": "0207/142005", "correlationVector":"6SIU7IQ2r762Kvs96+FOsS","action":"Initial GetUpdates", "result":"", "context":Reason: NEWLY_SUPPORTED_DATATYPE. cV=6SIU7IQ2r762Kvs96+FOsS}
{"logTime": "0207/142005", "correlationVector":"6SIU7IQ2r762Kvs96+FOsS.1","action":"SyncServerConnectionManagerRequest", "result":"SYNC_SERVER_OK", "context":{"environment":"Prod_southindia_prod-s01-004-apac-southindia", "migrationStage":"NotStarted", "server":"akswtt10200000o"}}
{"logTime": "0207/142005", "correlationVector":"6SIU7IQ2r762Kvs96+FOsS.2","action":"ProcessGetUpdates", "result":"Done", "context":{"dataType":"Autofill", "deleted":"0", "process_failed_to_decrypt":"0", "process_pending_decryption":"0", "process_success":"43", "total":"43"}}
{"logTime": "0207/142005", "correlationVector":"6SIU7IQ2r762Kvs96+FOsS.3","action":"ProcessGetUpdates", "result":"Done", "context":{"dataType":"Extensions", "deleted":"0", "process_failed_to_decrypt":"0", "process_pending_decryption":"0", "process_success":"1", "total":"1"}}
{"logTime": "0207/142005", "correlationVector":"6SIU7IQ2r762Kvs96+FOsS.4","action":"ProcessGetUpdates", "result":"Done", "context":{"dataType":"Sessions", "deleted":"173", "process_failed_to_decrypt":"0", "process_pending_decryption":"0", "process_success":"200", "total":"200"}}
{"logTime": "0207/142005", "correlationVector":"6SIU7IQ2r762Kvs96+FOsS.5","action":"ProcessGetUpdates", "result":"Done", "context":{"dataType":"Edge Hub App Usage", "deleted":"1", "process_failed_to_decrypt":"0", "process_pending_decryption":"0", "process_success":"6", "total":"6"}}
{"logTime": "0207/142005", "correlationVector":"6SIU7IQ2r762Kvs96+FOsS.6","action":"GetUpdates Response", "result":"Success", "context":Received 250 update(s). cV=6SIU7IQ2r762Kvs96+FOsS.0;server=akswtt10200000o;cloudType=Consumer;environment=Prod_southindia_prod-s01-004-apac-southindia;migrationStage=NotStarted Some updates remain.}
{"logTime": "0207/142005", "correlationVector":"P/G+cdrqr8PgRyTmbbT/8b","action":"Initial GetUpdates", "result":"", "context":Reason: NEWLY_SUPPORTED_DATATYPE. cV=P/G+cdrqr8PgRyTmbbT/8b}
{"logTime": "0207/142006", "correlationVector":"P/G+cdrqr8PgRyTmbbT/8b.1","action":"SyncServerConnectionManagerRequest", "result":"SYNC_SERVER_OK", "context":{"environment":"Prod_southindia_prod-s01-004-apac-southindia", "migrationStage":"NotStarted", "server":"akswtt102000009"}}
{"logTime": "0207/142006", "correlationVector":"P/G+cdrqr8PgRyTmbbT/8b.2","action":"ProcessGetUpdates", "result":"Done", "context":{"dataType":"Autofill Profiles", "deleted":"0", "process_failed_to_decrypt":"0", "process_pending_decryption":"0", "process_success":"2", "total":"2"}}
{"logTime": "0207/142006", "correlationVector":"P/G+cdrqr8PgRyTmbbT/8b.3","action":"ProcessGetUpdates", "result":"Done", "context":{"dataType":"Autofill", "deleted":"0", "process_failed_to_decrypt":"0", "process_pending_decryption":"0", "process_success":"23", "total":"23"}}
{"logTime": "0207/142006", "correlationVector":"P/G+cdrqr8PgRyTmbbT/8b.4","action":"ProcessGetUpdates", "result":"Done", "context":{"dataType":"Sessions", "deleted":"202", "process_failed_to_decrypt":"0", "process_pending_decryption":"0", "process_success":"224", "total":"224"}}
{"logTime": "0207/142006", "correlationVector":"P/G+cdrqr8PgRyTmbbT/8b.5","action":"ProcessGetUpdates", "result":"Done", "context":{"dataType":"Edge Hub App Usage", "deleted":"0", "process_failed_to_decrypt":"0", "process_pending_decryption":"0", "process_success":"1", "total":"1"}}
{"logTime": "0207/142006", "correlationVector":"P/G+cdrqr8PgRyTmbbT/8b.6","action":"GetUpdates Response", "result":"Success", "context":Received 250 update(s). cV=P/G+cdrqr8PgRyTmbbT/8b.0;server=akswtt102000009;cloudType=Consumer;environment=Prod_southindia_prod-s01-004-apac-southindia;migrationStage=NotStarted Some updates remain.}
{"logTime": "0207/142006", "correlationVector":"Ymx8YAZmB4DedHtLPndDg/","action":"Initial GetUpdates", "result":"", "context":Reason: NEWLY_SUPPORTED_DATATYPE. cV=Ymx8YAZmB4DedHtLPndDg/}
{"logTime": "0207/142006", "correlationVector":"Ymx8YAZmB4DedHtLPndDg/.1","action":"SyncServerConnectionManagerRequest", "result":"SYNC_SERVER_OK", "context":{"environment":"Prod_southindia_prod-s01-004-apac-southindia", "migrationStage":"NotStarted", "server":"akswtt102000005"}}
{"logTime": "0207/142006", "correlationVector":"Ymx8YAZmB4DedHtLPndDg/.2","action":"ProcessGetUpdates", "result":"Done", "context":{"dataType":"Autofill Profiles", "deleted":"0", "process_failed_to_decrypt":"0", "process_pending_decryption":"0", "process_success":"1", "total":"1"}}
{"logTime": "0207/142006", "correlationVector":"Ymx8YAZmB4DedHtLPndDg/.3","action":"ProcessGetUpdates", "result":"Done", "context":{"dataType":"Autofill", "deleted":"0", "process_failed_to_decrypt":"0", "process_pending_decryption":"0", "process_success":"8", "total":"8"}}
{"logTime": "0207/142006", "correlationVector":"Ymx8YAZmB4DedHtLPndDg/.4","action":"ProcessGetUpdates", "result":"Done", "context":{"dataType":"Extensions", "deleted":"0", "process_failed_to_decrypt":"0", "process_pending_decryption":"0", "process_success":"2", "total":"2"}}
{"logTime": "0207/142006", "correlationVector":"Ymx8YAZmB4DedHtLPndDg/.5","action":"ProcessGetUpdates", "result":"Done", "context":{"dataType":"Sessions", "deleted":"110", "process_failed_to_decrypt":"0", "process_pending_decryption":"0", "process_success":"132", "total":"132"}}
{"logTime": "0207/142006", "correlationVector":"Ymx8YAZmB4DedHtLPndDg/.6","action":"GetUpdates Response", "result":"Success", "context":Received 143 update(s). cV=Ymx8YAZmB4DedHtLPndDg/.0;server=akswtt102000005;cloudType=Consumer;environment=Prod_southindia_prod-s01-004-apac-southindia;migrationStage=NotStarted}
{"logTime": "0207/142006", "correlationVector":"yhFQz6vFM1vaQWfgtoqQmM","action":"Initial GetUpdates", "result":"", "context":Reason: NEWLY_SUPPORTED_DATATYPE. cV=yhFQz6vFM1vaQWfgtoqQmM}
{"logTime": "0207/142006", "correlationVector":"yhFQz6vFM1vaQWfgtoqQmM.1","action":"SyncServerConnectionManagerRequest", "result":"SYNC_SERVER_OK", "context":{"environment":"Prod_southindia_prod-s01-004-apac-southindia", "migrationStage":"NotStarted", "server":"akswtt102000015"}}
{"logTime": "0207/142006", "correlationVector":"yhFQz6vFM1vaQWfgtoqQmM.2","action":"ProcessGetUpdates", "result":"Done", "context":{"dataType":"History", "deleted":"0", "process_failed_to_decrypt":"0", "process_pending_decryption":"0", "process_success":"250", "total":"250"}}
{"logTime": "0207/142006", "correlationVector":"yhFQz6vFM1vaQWfgtoqQmM.3","action":"GetUpdates Response", "result":"Success", "context":Received 250 update(s). cV=yhFQz6vFM1vaQWfgtoqQmM.0;server=akswtt102000015;cloudType=Consumer;environment=Prod_southindia_prod-s01-004-apac-southindia;migrationStage=NotStarted Some updates remain.}
{"logTime": "0207/142006", "correlationVector":"KZgkD8PWtwfVu9wrngGevh","action":"Initial GetUpdates", "result":"", "context":Reason: NEWLY_SUPPORTED_DATATYPE. cV=KZgkD8PWtwfVu9wrngGevh}
{"logTime": "0207/142007", "correlationVector":"KZgkD8PWtwfVu9wrngGevh.1","action":"SyncServerConnectionManagerRequest", "result":"SYNC_SERVER_OK", "context":{"environment":"Prod_southindia_prod-s01-004-apac-southindia", "migrationStage":"NotStarted", "server":"akswtt102000009"}}
{"logTime": "0207/142007", "correlationVector":"KZgkD8PWtwfVu9wrngGevh.2","action":"ProcessGetUpdates", "result":"Done", "context":{"dataType":"History", "deleted":"0", "process_failed_to_decrypt":"0", "process_pending_decryption":"0", "process_success":"250", "total":"250"}}
{"logTime": "0207/142007", "correlationVector":"KZgkD8PWtwfVu9wrngGevh.3","action":"GetUpdates Response", "result":"Success", "context":Received 250 update(s). cV=KZgkD8PWtwfVu9wrngGevh.0;server=akswtt102000009;cloudType=Consumer;environment=Prod_southindia_prod-s01-004-apac-southindia;migrationStage=NotStarted Some updates remain.}
{"logTime": "0207/142007", "correlationVector":"RyLwhycsVd/L4pj/QRKxdo","action":"Initial GetUpdates", "result":"", "context":Reason: NEWLY_SUPPORTED_DATATYPE. cV=RyLwhycsVd/L4pj/QRKxdo}
{"logTime": "0207/142007", "correlationVector":"RyLwhycsVd/L4pj/QRKxdo.1","action":"SyncServerConnectionManagerRequest", "result":"SYNC_SERVER_OK", "context":{"environment":"Prod_southindia_prod-s01-004-apac-southindia", "migrationStage":"NotStarted", "server":"akswtt102000005"}}
{"logTime": "0207/142007", "correlationVector":"RyLwhycsVd/L4pj/QRKxdo.2","action":"ProcessGetUpdates", "result":"Done", "context":{"dataType":"History", "deleted":"0", "process_failed_to_decrypt":"0", "process_pending_decryption":"0", "process_success":"250", "total":"250"}}
{"logTime": "0207/142007", "correlationVector":"RyLwhycsVd/L4pj/QRKxdo.3","action":"GetUpdates Response", "result":"Success", "context":Received 250 update(s). cV=RyLwhycsVd/L4pj/QRKxdo.0;server=akswtt102000005;cloudType=Consumer;environment=Prod_southindia_prod-s01-004-apac-southindia;migrationStage=NotStarted Some updates remain.}
{"logTime": "0207/142007", "correlationVector":"cQH0UE6+0b66H9zkM6Qn2h","action":"Initial GetUpdates", "result":"", "context":Reason: NEWLY_SUPPORTED_DATATYPE. cV=cQH0UE6+0b66H9zkM6Qn2h}
{"logTime": "0207/142008", "correlationVector":"cQH0UE6+0b66H9zkM6Qn2h.1","action":"SyncServerConnectionManagerRequest", "result":"SYNC_SERVER_OK", "context":{"environment":"Prod_southindia_prod-s01-004-apac-southindia", "migrationStage":"NotStarted", "server":"akswtt102000015"}}
{"logTime": "0207/142008", "correlationVector":"cQH0UE6+0b66H9zkM6Qn2h.2","action":"ProcessGetUpdates", "result":"Done", "context":{"dataType":"History", "deleted":"0", "process_failed_to_decrypt":"0", "process_pending_decryption":"0", "process_success":"250", "total":"250"}}
{"logTime": "0207/142008", "correlationVector":"cQH0UE6+0b66H9zkM6Qn2h.3","action":"GetUpdates Response", "result":"Success", "context":Received 250 update(s). cV=cQH0UE6+0b66H9zkM6Qn2h.0;server=akswtt102000015;cloudType=Consumer;environment=Prod_southindia_prod-s01-004-apac-southindia;migrationStage=NotStarted Some updates remain.}
{"logTime": "0207/142008", "correlationVector":"ogWPD1rOIs6G55+N+0LFDp","action":"Initial GetUpdates", "result":"", "context":Reason: NEWLY_SUPPORTED_DATATYPE. cV=ogWPD1rOIs6G55+N+0LFDp}
{"logTime": "0207/142008", "correlationVector":"ogWPD1rOIs6G55+N+0LFDp.1","action":"SyncServerConnectionManagerRequest", "result":"SYNC_SERVER_OK", "context":{"environment":"Prod_southindia_prod-s01-004-apac-southindia", "migrationStage":"NotStarted", "server":"akswtt10200000g"}}
{"logTime": "0207/142008", "correlationVector":"ogWPD1rOIs6G55+N+0LFDp.2","action":"ProcessGetUpdates", "result":"Done", "context":{"dataType":"History", "deleted":"0", "process_failed_to_decrypt":"0", "process_pending_decryption":"0", "process_success":"250", "total":"250"}}
{"logTime": "0207/142008", "correlationVector":"ogWPD1rOIs6G55+N+0LFDp.3","action":"GetUpdates Response", "result":"Success", "context":Received 250 update(s). cV=ogWPD1rOIs6G55+N+0LFDp.0;server=akswtt10200000g;cloudType=Consumer;environment=Prod_southindia_prod-s01-004-apac-southindia;migrationStage=NotStarted Some updates remain.}
{"logTime": "0207/142008", "correlationVector":"LxdcOsdOvyMtOvGSzWbdqK","action":"Initial GetUpdates", "result":"", "context":Reason: NEWLY_SUPPORTED_DATATYPE. cV=LxdcOsdOvyMtOvGSzWbdqK}
{"logTime": "0207/142009", "correlationVector":"LxdcOsdOvyMtOvGSzWbdqK.1","action":"SyncServerConnectionManagerRequest", "result":"SYNC_SERVER_OK", "context":{"environment":"Prod_southindia_prod-s01-004-apac-southindia", "migrationStage":"NotStarted", "server":"akswtt102000005"}}
{"logTime": "0207/142009", "correlationVector":"LxdcOsdOvyMtOvGSzWbdqK.2","action":"ProcessGetUpdates", "result":"Done", "context":{"dataType":"History", "deleted":"0", "process_failed_to_decrypt":"0", "process_pending_decryption":"0", "process_success":"250", "total":"250"}}
{"logTime": "0207/142009", "correlationVector":"LxdcOsdOvyMtOvGSzWbdqK.3","action":"GetUpdates Response", "result":"Success", "context":Received 250 update(s). cV=LxdcOsdOvyMtOvGSzWbdqK.0;server=akswtt102000005;cloudType=Consumer;environment=Prod_southindia_prod-s01-004-apac-southindia;migrationStage=NotStarted Some updates remain.}
{"logTime": "0207/142009", "correlationVector":"sIIAC48fMwOtUMygXFXvvL","action":"Initial GetUpdates", "result":"", "context":Reason: NEWLY_SUPPORTED_DATATYPE. cV=sIIAC48fMwOtUMygXFXvvL}
{"logTime": "0207/142009", "correlationVector":"sIIAC48fMwOtUMygXFXvvL.1","action":"SyncServerConnectionManagerRequest", "result":"SYNC_SERVER_OK", "context":{"environment":"Prod_southindia_prod-s01-004-apac-southindia", "migrationStage":"NotStarted", "server":"akswtt10200000c"}}
{"logTime": "0207/142009", "correlationVector":"sIIAC48fMwOtUMygXFXvvL.2","action":"ProcessGetUpdates", "result":"Done", "context":{"dataType":"History", "deleted":"0", "process_failed_to_decrypt":"0", "process_pending_decryption":"0", "process_success":"250", "total":"250"}}
{"logTime": "0207/142009", "correlationVector":"sIIAC48fMwOtUMygXFXvvL.3","action":"GetUpdates Response", "result":"Success", "context":Received 250 update(s). cV=sIIAC48fMwOtUMygXFXvvL.0;server=akswtt10200000c;cloudType=Consumer;environment=Prod_southindia_prod-s01-004-apac-southindia;migrationStage=NotStarted Some updates remain.}
{"logTime": "0207/142009", "correlationVector":"0fhP+2oU75v2niaG8Eh3IV","action":"Initial GetUpdates", "result":"", "context":Reason: NEWLY_SUPPORTED_DATATYPE. cV=0fhP+2oU75v2niaG8Eh3IV}
{"logTime": "0207/142010", "correlationVector":"0fhP+2oU75v2niaG8Eh3IV.1","action":"SyncServerConnectionManagerRequest", "result":"SYNC_SERVER_OK", "context":{"environment":"Prod_southindia_prod-s01-004-apac-southindia", "migrationStage":"NotStarted", "server":"akswtt10200000m"}}
{"logTime": "0207/142010", "correlationVector":"0fhP+2oU75v2niaG8Eh3IV.2","action":"ProcessGetUpdates", "result":"Done", "context":{"dataType":"History", "deleted":"0", "process_failed_to_decrypt":"0", "process_pending_decryption":"0", "process_success":"250", "total":"250"}}
{"logTime": "0207/142010", "correlationVector":"0fhP+2oU75v2niaG8Eh3IV.3","action":"GetUpdates Response", "result":"Success", "context":Received 250 update(s). cV=0fhP+2oU75v2niaG8Eh3IV.0;server=akswtt10200000m;cloudType=Consumer;environment=Prod_southindia_prod-s01-004-apac-southindia;migrationStage=NotStarted Some updates remain.}
{"logTime": "0207/142010", "correlationVector":"yhw42+bxXtsPNJZAKCAeu2","action":"Initial GetUpdates", "result":"", "context":Reason: NEWLY_SUPPORTED_DATATYPE. cV=yhw42+bxXtsPNJZAKCAeu2}
{"logTime": "0207/142011", "correlationVector":"yhw42+bxXtsPNJZAKCAeu2.1","action":"SyncServerConnectionManagerRequest", "result":"SYNC_SERVER_OK", "context":{"environment":"Prod_southindia_prod-s01-004-apac-southindia", "migrationStage":"NotStarted", "server":"akswtt10200000o"}}
{"logTime": "0207/142011", "correlationVector":"yhw42+bxXtsPNJZAKCAeu2.2","action":"ProcessGetUpdates", "result":"Done", "context":{"dataType":"History", "deleted":"0", "process_failed_to_decrypt":"0", "process_pending_decryption":"0", "process_success":"250", "total":"250"}}
{"logTime": "0207/142011", "correlationVector":"yhw42+bxXtsPNJZAKCAeu2.3","action":"GetUpdates Response", "result":"Success", "context":Received 250 update(s). cV=yhw42+bxXtsPNJZAKCAeu2.0;server=akswtt10200000o;cloudType=Consumer;environment=Prod_southindia_prod-s01-004-apac-southindia;migrationStage=NotStarted Some updates remain.}
{"logTime": "0207/142011", "correlationVector":"LfMU/ydgq9MhQYm+rUM45S","action":"Initial GetUpdates", "result":"", "context":Reason: NEWLY_SUPPORTED_DATATYPE. cV=LfMU/ydgq9MhQYm+rUM45S}
{"logTime": "0207/142011", "correlationVector":"LfMU/ydgq9MhQYm+rUM45S.1","action":"SyncServerConnectionManagerRequest", "result":"SYNC_SERVER_OK", "context":{"environment":"Prod_southindia_prod-s01-004-apac-southindia", "migrationStage":"NotStarted", "server":"akswtt10200000m"}}
{"logTime": "0207/142011", "correlationVector":"LfMU/ydgq9MhQYm+rUM45S.2","action":"ProcessGetUpdates", "result":"Done", "context":{"dataType":"History", "deleted":"0", "process_failed_to_decrypt":"0", "process_pending_decryption":"0", "process_success":"250", "total":"250"}}
{"logTime": "0207/142011", "correlationVector":"LfMU/ydgq9MhQYm+rUM45S.3","action":"GetUpdates Response", "result":"Success", "context":Received 250 update(s). cV=LfMU/ydgq9MhQYm+rUM45S.0;server=akswtt10200000m;cloudType=Consumer;environment=Prod_southindia_prod-s01-004-apac-southindia;migrationStage=NotStarted Some updates remain.}
{"logTime": "0207/142011", "correlationVector":"nx2MP1J5vDnCLYSAKdT8KI","action":"Initial GetUpdates", "result":"", "context":Reason: NEWLY_SUPPORTED_DATATYPE. cV=nx2MP1J5vDnCLYSAKdT8KI}
{"logTime": "0207/142012", "correlationVector":"nx2MP1J5vDnCLYSAKdT8KI.1","action":"SyncServerConnectionManagerRequest", "result":"SYNC_SERVER_OK", "context":{"environment":"Prod_southindia_prod-s01-004-apac-southindia", "migrationStage":"NotStarted", "server":"akswtt102000016"}}
{"logTime": "0207/142012", "correlationVector":"nx2MP1J5vDnCLYSAKdT8KI.2","action":"ProcessGetUpdates", "result":"Done", "context":{"dataType":"History", "deleted":"0", "process_failed_to_decrypt":"0", "process_pending_decryption":"0", "process_success":"250", "total":"250"}}
{"logTime": "0207/142012", "correlationVector":"nx2MP1J5vDnCLYSAKdT8KI.3","action":"GetUpdates Response", "result":"Success", "context":Received 250 update(s). cV=nx2MP1J5vDnCLYSAKdT8KI.0;server=akswtt102000016;cloudType=Consumer;environment=Prod_southindia_prod-s01-004-apac-southindia;migrationStage=NotStarted Some updates remain.}
{"logTime": "0207/142012", "correlationVector":"XqNmYMZGZVJCZ7G6Itu9pa","action":"Initial GetUpdates", "result":"", "context":Reason: NEWLY_SUPPORTED_DATATYPE. cV=XqNmYMZGZVJCZ7G6Itu9pa}
{"logTime": "0207/142013", "correlationVector":"XqNmYMZGZVJCZ7G6Itu9pa.1","action":"SyncServerConnectionManagerRequest", "result":"SYNC_SERVER_OK", "context":{"environment":"Prod_southindia_prod-s01-004-apac-southindia", "migrationStage":"NotStarted", "server":"akswtt10200000p"}}
{"logTime": "0207/142013", "correlationVector":"XqNmYMZGZVJCZ7G6Itu9pa.2","action":"ProcessGetUpdates", "result":"Done", "context":{"dataType":"History", "deleted":"0", "process_failed_to_decrypt":"0", "process_pending_decryption":"0", "process_success":"250", "total":"250"}}
{"logTime": "0207/142013", "correlationVector":"XqNmYMZGZVJCZ7G6Itu9pa.3","action":"GetUpdates Response", "result":"Success", "context":Received 250 update(s). cV=XqNmYMZGZVJCZ7G6Itu9pa.0;server=akswtt10200000p;cloudType=Consumer;environment=Prod_southindia_prod-s01-004-apac-southindia;migrationStage=NotStarted Some updates remain.}
{"logTime": "0207/142013", "correlationVector":"SAkBFRyfysn0ZncabTC2rR","action":"Initial GetUpdates", "result":"", "context":Reason: NEWLY_SUPPORTED_DATATYPE. cV=SAkBFRyfysn0ZncabTC2rR}
{"logTime": "0207/142013", "correlationVector":"SAkBFRyfysn0ZncabTC2rR.1","action":"SyncServerConnectionManagerRequest", "result":"SYNC_SERVER_OK", "context":{"environment":"Prod_southindia_prod-s01-004-apac-southindia", "migrationStage":"NotStarted", "server":"akswtt102000016"}}
{"logTime": "0207/142013", "correlationVector":"SAkBFRyfysn0ZncabTC2rR.2","action":"ProcessGetUpdates", "result":"Done", "context":{"dataType":"History", "deleted":"0", "process_failed_to_decrypt":"0", "process_pending_decryption":"0", "process_success":"250", "total":"250"}}
{"logTime": "0207/142013", "correlationVector":"SAkBFRyfysn0ZncabTC2rR.3","action":"GetUpdates Response", "result":"Success", "context":Received 250 update(s). cV=SAkBFRyfysn0ZncabTC2rR.0;server=akswtt102000016;cloudType=Consumer;environment=Prod_southindia_prod-s01-004-apac-southindia;migrationStage=NotStarted Some updates remain.}
{"logTime": "0207/142013", "correlationVector":"Jeis83Q/mlJ3uv0drvavUk","action":"Initial GetUpdates", "result":"", "context":Reason: NEWLY_SUPPORTED_DATATYPE. cV=Jeis83Q/mlJ3uv0drvavUk}
{"logTime": "0207/142014", "correlationVector":"Jeis83Q/mlJ3uv0drvavUk.1","action":"SyncServerConnectionManagerRequest", "result":"SYNC_SERVER_OK", "context":{"environment":"Prod_southindia_prod-s01-004-apac-southindia", "migrationStage":"NotStarted", "server":"akswtt10200000m"}}
{"logTime": "0207/142014", "correlationVector":"Jeis83Q/mlJ3uv0drvavUk.2","action":"ProcessGetUpdates", "result":"Done", "context":{"dataType":"History", "deleted":"0", "process_failed_to_decrypt":"0", "process_pending_decryption":"0", "process_success":"250", "total":"250"}}
{"logTime": "0207/142014", "correlationVector":"Jeis83Q/mlJ3uv0drvavUk.3","action":"GetUpdates Response", "result":"Success", "context":Received 250 update(s). cV=Jeis83Q/mlJ3uv0drvavUk.0;server=akswtt10200000m;cloudType=Consumer;environment=Prod_southindia_prod-s01-004-apac-southindia;migrationStage=NotStarted Some updates remain.}
{"logTime": "0207/142014", "correlationVector":"2j0+6pNSz+frvZcOshPHpP","action":"Initial GetUpdates", "result":"", "context":Reason: NEWLY_SUPPORTED_DATATYPE. cV=2j0+6pNSz+frvZcOshPHpP}
{"logTime": "0207/142015", "correlationVector":"2j0+6pNSz+frvZcOshPHpP.1","action":"SyncServerConnectionManagerRequest", "result":"SYNC_SERVER_OK", "context":{"environment":"Prod_southindia_prod-s01-004-apac-southindia", "migrationStage":"NotStarted", "server":"akswtt10200000g"}}
{"logTime": "0207/142015", "correlationVector":"2j0+6pNSz+frvZcOshPHpP.2","action":"ProcessGetUpdates", "result":"Done", "context":{"dataType":"History", "deleted":"0", "process_failed_to_decrypt":"0", "process_pending_decryption":"0", "process_success":"250", "total":"250"}}
{"logTime": "0207/142015", "correlationVector":"2j0+6pNSz+frvZcOshPHpP.3","action":"GetUpdates Response", "result":"Success", "context":Received 250 update(s). cV=2j0+6pNSz+frvZcOshPHpP.0;server=akswtt10200000g;cloudType=Consumer;environment=Prod_southindia_prod-s01-004-apac-southindia;migrationStage=NotStarted Some updates remain.}
{"logTime": "0207/142015", "correlationVector":"4HI9PAWpi1q9bI8Sg3AiY6","action":"Initial GetUpdates", "result":"", "context":Reason: NEWLY_SUPPORTED_DATATYPE. cV=4HI9PAWpi1q9bI8Sg3AiY6}
{"logTime": "0207/142015", "correlationVector":"4HI9PAWpi1q9bI8Sg3AiY6.1","action":"SyncServerConnectionManagerRequest", "result":"SYNC_SERVER_OK", "context":{"environment":"Prod_southindia_prod-s01-004-apac-southindia", "migrationStage":"NotStarted", "server":"akswtt102000016"}}
{"logTime": "0207/142015", "correlationVector":"4HI9PAWpi1q9bI8Sg3AiY6.2","action":"ProcessGetUpdates", "result":"Done", "context":{"dataType":"History", "deleted":"0", "process_failed_to_decrypt":"0", "process_pending_decryption":"0", "process_success":"250", "total":"250"}}
{"logTime": "0207/142015", "correlationVector":"4HI9PAWpi1q9bI8Sg3AiY6.3","action":"GetUpdates Response", "result":"Success", "context":Received 250 update(s). cV=4HI9PAWpi1q9bI8Sg3AiY6.0;server=akswtt102000016;cloudType=Consumer;environment=Prod_southindia_prod-s01-004-apac-southindia;migrationStage=NotStarted Some updates remain.}
{"logTime": "0207/142015", "correlationVector":"DFndxXXdfsVsBWaTt4ldGy","action":"Initial GetUpdates", "result":"", "context":Reason: NEWLY_SUPPORTED_DATATYPE. cV=DFndxXXdfsVsBWaTt4ldGy}
{"logTime": "0207/142016", "correlationVector":"DFndxXXdfsVsBWaTt4ldGy.1","action":"SyncServerConnectionManagerRequest", "result":"SYNC_SERVER_OK", "context":{"environment":"Prod_southindia_prod-s01-004-apac-southindia", "migrationStage":"NotStarted", "server":"akswtt10200000g"}}
{"logTime": "0207/142016", "correlationVector":"DFndxXXdfsVsBWaTt4ldGy.2","action":"ProcessGetUpdates", "result":"Done", "context":{"dataType":"History", "deleted":"0", "process_failed_to_decrypt":"0", "process_pending_decryption":"0", "process_success":"250", "total":"250"}}
{"logTime": "0207/142016", "correlationVector":"DFndxXXdfsVsBWaTt4ldGy.3","action":"GetUpdates Response", "result":"Success", "context":Received 250 update(s). cV=DFndxXXdfsVsBWaTt4ldGy.0;server=akswtt10200000g;cloudType=Consumer;environment=Prod_southindia_prod-s01-004-apac-southindia;migrationStage=NotStarted Some updates remain.}
{"logTime": "0207/142016", "correlationVector":"i+A91Pd+7U1MttqvsssV62","action":"Initial GetUpdates", "result":"", "context":Reason: NEWLY_SUPPORTED_DATATYPE. cV=i+A91Pd+7U1MttqvsssV62}
{"logTime": "0207/142016", "correlationVector":"i+A91Pd+7U1MttqvsssV62.1","action":"SyncServerConnectionManagerRequest", "result":"SYNC_SERVER_OK", "context":{"environment":"Prod_southindia_prod-s01-004-apac-southindia", "migrationStage":"NotStarted", "server":"akswtt102000015"}}
{"logTime": "0207/142016", "correlationVector":"i+A91Pd+7U1MttqvsssV62.2","action":"ProcessGetUpdates", "result":"Done", "context":{"dataType":"History", "deleted":"0", "process_failed_to_decrypt":"0", "process_pending_decryption":"0", "process_success":"250", "total":"250"}}
{"logTime": "0207/142016", "correlationVector":"i+A91Pd+7U1MttqvsssV62.3","action":"GetUpdates Response", "result":"Success", "context":Received 250 update(s). cV=i+A91Pd+7U1MttqvsssV62.0;server=akswtt102000015;cloudType=Consumer;environment=Prod_southindia_prod-s01-004-apac-southindia;migrationStage=NotStarted Some updates remain.}
{"logTime": "0207/142016", "correlationVector":"vjR4E9zoPu0Q9a21n7QR+n","action":"Initial GetUpdates", "result":"", "context":Reason: NEWLY_SUPPORTED_DATATYPE. cV=vjR4E9zoPu0Q9a21n7QR+n}
{"logTime": "0207/142017", "correlationVector":"vjR4E9zoPu0Q9a21n7QR+n.1","action":"SyncServerConnectionManagerRequest", "result":"SYNC_SERVER_OK", "context":{"environment":"Prod_southindia_prod-s01-004-apac-southindia", "migrationStage":"NotStarted", "server":"akswtt10200000p"}}
{"logTime": "0207/142017", "correlationVector":"vjR4E9zoPu0Q9a21n7QR+n.2","action":"ProcessGetUpdates", "result":"Done", "context":{"dataType":"History", "deleted":"0", "process_failed_to_decrypt":"0", "process_pending_decryption":"0", "process_success":"250", "total":"250"}}
{"logTime": "0207/142017", "correlationVector":"vjR4E9zoPu0Q9a21n7QR+n.3","action":"GetUpdates Response", "result":"Success", "context":Received 250 update(s). cV=vjR4E9zoPu0Q9a21n7QR+n.0;server=akswtt10200000p;cloudType=Consumer;environment=Prod_southindia_prod-s01-004-apac-southindia;migrationStage=NotStarted Some updates remain.}
{"logTime": "0207/142017", "correlationVector":"xjgWvkNVhXH3ZDsMKcdCGg","action":"Initial GetUpdates", "result":"", "context":Reason: NEWLY_SUPPORTED_DATATYPE. cV=xjgWvkNVhXH3ZDsMKcdCGg}
{"logTime": "0207/142017", "correlationVector":"xjgWvkNVhXH3ZDsMKcdCGg.1","action":"SyncServerConnectionManagerRequest", "result":"SYNC_SERVER_OK", "context":{"environment":"Prod_southindia_prod-s01-004-apac-southindia", "migrationStage":"NotStarted", "server":"akswtt10200000o"}}
{"logTime": "0207/142017", "correlationVector":"xjgWvkNVhXH3ZDsMKcdCGg.2","action":"ProcessGetUpdates", "result":"Done", "context":{"dataType":"History", "deleted":"0", "process_failed_to_decrypt":"0", "process_pending_decryption":"0", "process_success":"250", "total":"250"}}
{"logTime": "0207/142017", "correlationVector":"xjgWvkNVhXH3ZDsMKcdCGg.3","action":"GetUpdates Response", "result":"Success", "context":Received 250 update(s). cV=xjgWvkNVhXH3ZDsMKcdCGg.0;server=akswtt10200000o;cloudType=Consumer;environment=Prod_southindia_prod-s01-004-apac-southindia;migrationStage=NotStarted Some updates remain.}
{"logTime": "0207/142017", "correlationVector":"asqQhWEsvtHQPr2ITm3a7Z","action":"Initial GetUpdates", "result":"", "context":Reason: NEWLY_SUPPORTED_DATATYPE. cV=asqQhWEsvtHQPr2ITm3a7Z}
{"logTime": "0207/142018", "correlationVector":"asqQhWEsvtHQPr2ITm3a7Z.1","action":"SyncServerConnectionManagerRequest", "result":"SYNC_SERVER_OK", "context":{"environment":"Prod_southindia_prod-s01-004-apac-southindia", "migrationStage":"NotStarted", "server":"akswtt10200000m"}}
{"logTime": "0207/142018", "correlationVector":"asqQhWEsvtHQPr2ITm3a7Z.2","action":"ProcessGetUpdates", "result":"Done", "context":{"dataType":"History", "deleted":"0", "process_failed_to_decrypt":"0", "process_pending_decryption":"0", "process_success":"117", "total":"117"}}
{"logTime": "0207/142018", "correlationVector":"asqQhWEsvtHQPr2ITm3a7Z.3","action":"GetUpdates Response", "result":"Success", "context":Received 117 update(s). cV=asqQhWEsvtHQPr2ITm3a7Z.0;server=akswtt10200000m;cloudType=Consumer;environment=Prod_southindia_prod-s01-004-apac-southindia;migrationStage=NotStarted}
{"logTime": "0207/142018", "correlationVector":"AIfF45bs5qaTnw//NUWJcs","action":"Normal GetUpdate request", "result":"", "context":cV=AIfF45bs5qaTnw//NUWJcs
Nudged types: Sessions, Device Info, User Consents
Refresh requested types: Bookmarks, Preferences, Passwords, Autofill Profiles, Autofill, Extensions, Sessions, Extension settings, History Delete Directives, Device Info, User Consents, Send Tab To Self, Web Apps, History, Saved Tab Group, WebAuthn Credentials, Collection, Edge E Drop, Edge Hub App Usage, Edge Wallet, Encryption Keys}
{"logTime": "0207/142018", "correlationVector":"AIfF45bs5qaTnw//NUWJcs.1","action":"SyncServerConnectionManagerRequest", "result":"SYNC_SERVER_OK", "context":{"environment":"Prod_southindia_prod-s01-004-apac-southindia", "migrationStage":"NotStarted", "server":"akswtt10200000p"}}
{"logTime": "0207/142018", "correlationVector":"AIfF45bs5qaTnw//NUWJcs.2","action":"GetUpdates Response", "result":"Success", "context":Received 0 update(s). cV=AIfF45bs5qaTnw//NUWJcs.0;server=akswtt10200000p;cloudType=Consumer;environment=Prod_southindia_prod-s01-004-apac-southindia;migrationStage=NotStarted}
{"logTime": "0207/142018", "correlationVector":"6G8shkxBJBx1q652PD+9sz","action":"DoCompareDataConsistency requsted types: ", "result":"Bookmarks, Preferences, Passwords, Extensions, Extension settings, History Delete Directives, Send Tab To Self, Web Apps, History, Saved Tab Group, WebAuthn Credentials, Collection, Edge E Drop, Edge Wallet, Encryption Keys"}
{"logTime": "0207/142018", "correlationVector":"6G8shkxBJBx1q652PD+9sz.0","action":"CompareDataConsistency result: ", "result":"Compare result: Encryption Keys is consistent. local entities count is: 1 local entities hash is: SrJYJ02PZR+1Pat+u/ivGqVeh+8="}
{"logTime": "0207/142019", "correlationVector":"6G8shkxBJBx1q652PD+9sz.1","action":"CompareDataConsistency result: ", "result":"Compare result: Bookmarks is consistent. local entities count is: 69 local entities hash is: 1sCVeQAa2Pf0F2Bvcs95aiseSkU="}
{"logTime": "0207/142019", "correlationVector":"6G8shkxBJBx1q652PD+9sz.2","action":"CompareDataConsistency result: ", "result":"Compare result: Preferences is consistent. local entities count is: 98 local entities hash is: 1a9BwymTGFjXWwHF/fssyDKgxe0="}
{"logTime": "0207/142019", "correlationVector":"6G8shkxBJBx1q652PD+9sz.3","action":"CompareDataConsistency result: ", "result":"Compare result: Extensions is consistent. local entities count is: 10 local entities hash is: 7IXR/AmbtNVaDgcZJeufuvN465U="}
{"logTime": "0207/142019", "correlationVector":"6G8shkxBJBx1q652PD+9sz.4","action":"CompareDataConsistency result: ", "result":"Compare result: Extension settings is consistent. local entities count is: 31 local entities hash is: l6dz8gfNoHTnu7n/B2L+t+y/KfM="}
{"logTime": "0207/142019", "correlationVector":"6G8shkxBJBx1q652PD+9sz.5","action":"CompareDataConsistency result: ", "result":"Compare result: History Delete Directives is consistent. local entities count is: 0 local entities hash is: "}
{"logTime": "0207/142019", "correlationVector":"6G8shkxBJBx1q652PD+9sz.6","action":"CompareDataConsistency result: ", "result":"Server did not send this Send Tab To Self local entities count is: 0 local entities hash is: "}
{"logTime": "0207/142019", "correlationVector":"6G8shkxBJBx1q652PD+9sz.7","action":"CompareDataConsistency result: ", "result":"Compare result: Web Apps is consistent. local entities count is: 0 local entities hash is: "}
{"logTime": "0207/142019", "correlationVector":"6G8shkxBJBx1q652PD+9sz.8","action":"CompareDataConsistency result: ", "result":"Server did not send this History local entities count is: 0 local entities hash is: "}
{"logTime": "0207/142019", "correlationVector":"6G8shkxBJBx1q652PD+9sz.9","action":"CompareDataConsistency result: ", "result":"Compare result: Saved Tab Group is consistent. local entities count is: 0 local entities hash is: "}
{"logTime": "0207/142019", "correlationVector":"6G8shkxBJBx1q652PD+9sz.10","action":"CompareDataConsistency result: ", "result":"Server did not send this WebAuthn Credentials local entities count is: 0 local entities hash is: "}
{"logTime": "0207/142019", "correlationVector":"6G8shkxBJBx1q652PD+9sz.11","action":"CompareDataConsistency result: ", "result":"Compare result: Collection is consistent. local entities count is: 0 local entities hash is: "}
{"logTime": "0207/142019", "correlationVector":"6G8shkxBJBx1q652PD+9sz.12","action":"CompareDataConsistency result: ", "result":"Compare result: Edge E Drop is consistent. local entities count is: 0 local entities hash is: "}
{"logTime": "0207/142019", "correlationVector":"6G8shkxBJBx1q652PD+9sz.13","action":"CompareDataConsistency result: ", "result":"Compare result: Edge Wallet is consistent. local entities count is: 0 local entities hash is: "}
{"logTime": "0207/142019", "correlationVector":"6G8shkxBJBx1q652PD+9sz.14","action":"CompareDataConsistency result: ", "result":"Compare result: Passwords is consistent. local entities count is: 70 local entities hash is: V5Lu0beoPjx9LcnuC6R1tsAKH04="}
{"logTime": "0207/142019", "correlationVector":"VonWNUmRiE0EO9uwgBIjYm","action":"Commit Request", "result":"", "context":Item count: 5
Contributing types: Sessions, Device Info, User Consents}
{"logTime": "0207/142019", "correlationVector":"VonWNUmRiE0EO9uwgBIjYm.1","action":"SyncServerConnectionManagerRequest", "result":"SYNC_SERVER_OK", "context":{"environment":"Prod_southindia_prod-s01-004-apac-southindia", "migrationStage":"NotStarted", "server":"akswtt102000009"}}
{"logTime": "0207/142019", "correlationVector":"VonWNUmRiE0EO9uwgBIjYm.2","action":"Commit Response", "result":"Success", "context":Result: Success. cV=VonWNUmRiE0EO9uwgBIjYm.0;server=akswtt102000009;cloudType=Consumer;environment=Prod_southindia_prod-s01-004-apac-southindia;migrationStage=NotStarted}
{"logTime": "0207/142019", "correlationVector":"","action":"DIAGNOSTIC_REQUEST|v1/diagnosticData/Diagnostic.SendCheckResult()|SUCCESS", "result":""}
{"logTime": "0207/142050", "correlationVector":"Ya2G3JoaqblEBQBzyFnb/g","action":"Commit Request", "result":"", "context":Item count: 40
Contributing types: Passwords}
{"logTime": "0207/142052", "correlationVector":"Ya2G3JoaqblEBQBzyFnb/g.1","action":"SyncServerConnectionManagerRequest", "result":"SYNC_SERVER_OK", "context":{"environment":"Prod_southindia_prod-s01-004-apac-southindia", "migrationStage":"NotStarted", "server":"akswtt102000011"}}
{"logTime": "0207/142052", "correlationVector":"Ya2G3JoaqblEBQBzyFnb/g.2","action":"Commit Response", "result":"Success", "context":Result: Success. cV=Ya2G3JoaqblEBQBzyFnb/g.0;server=akswtt102000011;cloudType=Consumer;environment=Prod_southindia_prod-s01-004-apac-southindia;migrationStage=NotStarted}
{"logTime": "0207/142052", "correlationVector":"dNlu/gYFYEUEYj6J5puvQn","action":"Commit Request", "result":"", "context":Item count: 9
Contributing types: Passwords}
{"logTime": "0207/142053", "correlationVector":"dNlu/gYFYEUEYj6J5puvQn.1","action":"SyncServerConnectionManagerRequest", "result":"SYNC_SERVER_OK", "context":{"environment":"Prod_southindia_prod-s01-004-apac-southindia", "migrationStage":"NotStarted", "server":"akswtt10200000o"}}
{"logTime": "0207/142053", "correlationVector":"dNlu/gYFYEUEYj6J5puvQn.2","action":"Commit Response", "result":"Success", "context":Result: Success. cV=dNlu/gYFYEUEYj6J5puvQn.0;server=akswtt10200000o;cloudType=Consumer;environment=Prod_southindia_prod-s01-004-apac-southindia;migrationStage=NotStarted}
{"logTime": "0207/142216", "correlationVector":"BTs2Oy8oAb5YNUNKpiR1c5","action":"Normal GetUpdate request", "result":"", "context":cV=BTs2Oy8oAb5YNUNKpiR1c5
Notified types: History}
{"logTime": "0207/142217", "correlationVector":"BTs2Oy8oAb5YNUNKpiR1c5.1","action":"SyncServerConnectionManagerRequest", "result":"SYNC_SERVER_OK", "context":{"environment":"Prod_southindia_prod-s01-004-apac-southindia", "migrationStage":"NotStarted", "server":"akswtt10200000f"}}
{"logTime": "0207/142217", "correlationVector":"BTs2Oy8oAb5YNUNKpiR1c5.2","action":"ProcessGetUpdates", "result":"Done", "context":{"dataType":"Passwords", "deleted":"0", "process_failed_to_decrypt":"0", "process_pending_decryption":"0", "process_success":"49", "total":"49"}}
{"logTime": "0207/142217", "correlationVector":"BTs2Oy8oAb5YNUNKpiR1c5.3","action":"ProcessGetUpdates", "result":"Done", "context":{"dataType":"Sessions", "deleted":"1", "process_failed_to_decrypt":"0", "process_pending_decryption":"0", "process_success":"5", "total":"5"}}
{"logTime": "0207/142217", "correlationVector":"BTs2Oy8oAb5YNUNKpiR1c5.4","action":"ProcessGetUpdates", "result":"Done", "context":{"dataType":"Device Info", "deleted":"0", "process_failed_to_decrypt":"0", "process_pending_decryption":"0", "process_success":"1", "total":"1"}}
{"logTime": "0207/142217", "correlationVector":"BTs2Oy8oAb5YNUNKpiR1c5.5","action":"ProcessGetUpdates", "result":"Done", "context":{"dataType":"History", "deleted":"0", "process_failed_to_decrypt":"0", "process_pending_decryption":"0", "process_success":"5", "total":"5"}}
{"logTime": "0207/142217", "correlationVector":"BTs2Oy8oAb5YNUNKpiR1c5.6","action":"GetUpdates Response", "result":"Success", "context":Received 60 update(s). cV=BTs2Oy8oAb5YNUNKpiR1c5.0;server=akswtt10200000f;cloudType=Consumer;environment=Prod_southindia_prod-s01-004-apac-southindia;migrationStage=NotStarted}
